{"/Users/yoniifrah/Desktop/VScode/React-Native/collage/dist/src/app.js": {"path":"/Users/yoniifrah/Desktop/VScode/React-Native/collage/dist/src/app.js","statementMap":{"0":{"start":{"line":3,"column":22},"end":{"line":5,"column":1}},"1":{"start":{"line":4,"column":4},"end":{"line":4,"column":62}},"2":{"start":{"line":6,"column":17},"end":{"line":6,"column":53}},"3":{"start":{"line":7,"column":24},"end":{"line":7,"column":67}},"4":{"start":{"line":8,"column":0},"end":{"line":8,"column":47}},"5":{"start":{"line":9,"column":13},"end":{"line":9,"column":29}},"6":{"start":{"line":13,"column":0},"end":{"line":15,"column":3}},"7":{"start":{"line":14,"column":4},"end":{"line":14,"column":47}},"8":{"start":{"line":16,"column":0},"end":{"line":16,"column":34}}},"fnMap":{"0":{"name":"(anonymous_0)","decl":{"start":{"line":3,"column":56},"end":{"line":3,"column":57}},"loc":{"start":{"line":3,"column":71},"end":{"line":5,"column":1}},"line":3},"1":{"name":"(anonymous_1)","decl":{"start":{"line":13,"column":30},"end":{"line":13,"column":31}},"loc":{"start":{"line":13,"column":36},"end":{"line":15,"column":1}},"line":13}},"branchMap":{"0":{"loc":{"start":{"line":3,"column":22},"end":{"line":5,"column":1}},"type":"binary-expr","locations":[{"start":{"line":3,"column":23},"end":{"line":3,"column":27}},{"start":{"line":3,"column":31},"end":{"line":3,"column":51}},{"start":{"line":3,"column":56},"end":{"line":5,"column":1}}],"line":3},"1":{"loc":{"start":{"line":4,"column":11},"end":{"line":4,"column":61}},"type":"cond-expr","locations":[{"start":{"line":4,"column":37},"end":{"line":4,"column":40}},{"start":{"line":4,"column":43},"end":{"line":4,"column":61}}],"line":4},"2":{"loc":{"start":{"line":4,"column":12},"end":{"line":4,"column":33}},"type":"binary-expr","locations":[{"start":{"line":4,"column":12},"end":{"line":4,"column":15}},{"start":{"line":4,"column":19},"end":{"line":4,"column":33}}],"line":4}},"s":{"0":1,"1":2,"2":1,"3":1,"4":1,"5":1,"6":1,"7":1,"8":1},"f":{"0":2,"1":1},"b":{"0":[1,1,1],"1":[0,2],"2":[2,2]},"inputSourceMap":null,"_coverageSchema":"1a1c01bbd47fc00a2c39e90264f33305004495a9","hash":"90aa2a7ee2645d5ac9e01e1a67c13f72d8402d46"}
,"/Users/yoniifrah/Desktop/VScode/React-Native/collage/dist/src/server.js": {"path":"/Users/yoniifrah/Desktop/VScode/React-Native/collage/dist/src/server.js","statementMap":{"0":{"start":{"line":3,"column":22},"end":{"line":5,"column":1}},"1":{"start":{"line":4,"column":4},"end":{"line":4,"column":62}},"2":{"start":{"line":6,"column":18},"end":{"line":6,"column":53}},"3":{"start":{"line":7,"column":12},"end":{"line":7,"column":36}},"4":{"start":{"line":8,"column":17},"end":{"line":8,"column":51}},"5":{"start":{"line":9,"column":0},"end":{"line":14,"column":1}},"6":{"start":{"line":10,"column":4},"end":{"line":10,"column":52}},"7":{"start":{"line":13,"column":4},"end":{"line":13,"column":30}},"8":{"start":{"line":17,"column":15},"end":{"line":17,"column":47}},"9":{"start":{"line":18,"column":15},"end":{"line":18,"column":47}},"10":{"start":{"line":20,"column":22},"end":{"line":20,"column":61}},"11":{"start":{"line":21,"column":0},"end":{"line":21,"column":76}},"12":{"start":{"line":22,"column":0},"end":{"line":22,"column":38}},"13":{"start":{"line":30,"column":19},"end":{"line":30,"column":55}},"14":{"start":{"line":31,"column":0},"end":{"line":31,"column":53}},"15":{"start":{"line":32,"column":11},"end":{"line":32,"column":40}},"16":{"start":{"line":33,"column":0},"end":{"line":33,"column":47}},"17":{"start":{"line":33,"column":24},"end":{"line":33,"column":43}},"18":{"start":{"line":34,"column":0},"end":{"line":34,"column":57}},"19":{"start":{"line":34,"column":22},"end":{"line":34,"column":55}},"20":{"start":{"line":36,"column":0},"end":{"line":36,"column":55}},"21":{"start":{"line":37,"column":0},"end":{"line":37,"column":57}},"22":{"start":{"line":38,"column":21},"end":{"line":38,"column":68}},"23":{"start":{"line":39,"column":0},"end":{"line":39,"column":39}},"24":{"start":{"line":40,"column":21},"end":{"line":40,"column":68}},"25":{"start":{"line":41,"column":0},"end":{"line":41,"column":39}},"26":{"start":{"line":42,"column":24},"end":{"line":42,"column":74}},"27":{"start":{"line":43,"column":0},"end":{"line":43,"column":45}},"28":{"start":{"line":44,"column":21},"end":{"line":44,"column":68}},"29":{"start":{"line":45,"column":0},"end":{"line":45,"column":39}},"30":{"start":{"line":47,"column":29},"end":{"line":47,"column":75}},"31":{"start":{"line":48,"column":24},"end":{"line":48,"column":65}},"32":{"start":{"line":49,"column":0},"end":{"line":65,"column":1}},"33":{"start":{"line":50,"column":20},"end":{"line":62,"column":5}},"34":{"start":{"line":63,"column":18},"end":{"line":63,"column":55}},"35":{"start":{"line":64,"column":4},"end":{"line":64,"column":104}},"36":{"start":{"line":66,"column":0},"end":{"line":66,"column":24}}},"fnMap":{"0":{"name":"(anonymous_0)","decl":{"start":{"line":3,"column":56},"end":{"line":3,"column":57}},"loc":{"start":{"line":3,"column":71},"end":{"line":5,"column":1}},"line":3},"1":{"name":"(anonymous_1)","decl":{"start":{"line":33,"column":15},"end":{"line":33,"column":16}},"loc":{"start":{"line":33,"column":22},"end":{"line":33,"column":45}},"line":33},"2":{"name":"(anonymous_2)","decl":{"start":{"line":34,"column":16},"end":{"line":34,"column":17}},"loc":{"start":{"line":34,"column":22},"end":{"line":34,"column":55}},"line":34}},"branchMap":{"0":{"loc":{"start":{"line":3,"column":22},"end":{"line":5,"column":1}},"type":"binary-expr","locations":[{"start":{"line":3,"column":23},"end":{"line":3,"column":27}},{"start":{"line":3,"column":31},"end":{"line":3,"column":51}},{"start":{"line":3,"column":56},"end":{"line":5,"column":1}}],"line":3},"1":{"loc":{"start":{"line":4,"column":11},"end":{"line":4,"column":61}},"type":"cond-expr","locations":[{"start":{"line":4,"column":37},"end":{"line":4,"column":40}},{"start":{"line":4,"column":43},"end":{"line":4,"column":61}}],"line":4},"2":{"loc":{"start":{"line":4,"column":12},"end":{"line":4,"column":33}},"type":"binary-expr","locations":[{"start":{"line":4,"column":12},"end":{"line":4,"column":15}},{"start":{"line":4,"column":19},"end":{"line":4,"column":33}}],"line":4},"3":{"loc":{"start":{"line":9,"column":0},"end":{"line":14,"column":1}},"type":"if","locations":[{"start":{"line":9,"column":0},"end":{"line":14,"column":1}},{"start":{"line":12,"column":5},"end":{"line":14,"column":1}}],"line":9},"4":{"loc":{"start":{"line":49,"column":0},"end":{"line":65,"column":1}},"type":"if","locations":[{"start":{"line":49,"column":0},"end":{"line":65,"column":1}},{"start":{},"end":{}}],"line":49}},"s":{"0":5,"1":55,"2":5,"3":5,"4":5,"5":5,"6":5,"7":0,"8":5,"9":5,"10":5,"11":5,"12":5,"13":5,"14":5,"15":5,"16":5,"17":0,"18":5,"19":5,"20":5,"21":5,"22":5,"23":5,"24":5,"25":5,"26":5,"27":5,"28":5,"29":5,"30":5,"31":5,"32":5,"33":0,"34":0,"35":0,"36":5},"f":{"0":55,"1":0,"2":5},"b":{"0":[5,5,5],"1":[0,55],"2":[55,55],"3":[5,0],"4":[0,5]},"inputSourceMap":null,"_coverageSchema":"1a1c01bbd47fc00a2c39e90264f33305004495a9","hash":"bc0e12b356e5c92302d5e27b17e1cfdfc0bf16c5"}
,"/Users/yoniifrah/Desktop/VScode/React-Native/collage/dist/src/socket_server.js": {"path":"/Users/yoniifrah/Desktop/VScode/React-Native/collage/dist/src/socket_server.js","statementMap":{"0":{"start":{"line":2,"column":16},"end":{"line":10,"column":1}},"1":{"start":{"line":3,"column":28},"end":{"line":3,"column":110}},"2":{"start":{"line":3,"column":91},"end":{"line":3,"column":106}},"3":{"start":{"line":4,"column":4},"end":{"line":9,"column":7}},"4":{"start":{"line":5,"column":36},"end":{"line":5,"column":97}},"5":{"start":{"line":5,"column":42},"end":{"line":5,"column":70}},"6":{"start":{"line":5,"column":85},"end":{"line":5,"column":95}},"7":{"start":{"line":6,"column":35},"end":{"line":6,"column":100}},"8":{"start":{"line":6,"column":41},"end":{"line":6,"column":73}},"9":{"start":{"line":6,"column":88},"end":{"line":6,"column":98}},"10":{"start":{"line":7,"column":32},"end":{"line":7,"column":116}},"11":{"start":{"line":8,"column":8},"end":{"line":8,"column":78}},"12":{"start":{"line":11,"column":22},"end":{"line":13,"column":1}},"13":{"start":{"line":12,"column":4},"end":{"line":12,"column":62}},"14":{"start":{"line":14,"column":20},"end":{"line":14,"column":40}},"15":{"start":{"line":15,"column":23},"end":{"line":15,"column":63}},"16":{"start":{"line":16,"column":22},"end":{"line":16,"column":70}},"17":{"start":{"line":17,"column":22},"end":{"line":17,"column":70}},"18":{"start":{"line":18,"column":22},"end":{"line":18,"column":70}},"19":{"start":{"line":19,"column":0},"end":{"line":52,"column":2}},"20":{"start":{"line":20,"column":15},"end":{"line":20,"column":45}},"21":{"start":{"line":28,"column":4},"end":{"line":42,"column":8}},"22":{"start":{"line":28,"column":29},"end":{"line":42,"column":6}},"23":{"start":{"line":29,"column":20},"end":{"line":29,"column":47}},"24":{"start":{"line":30,"column":8},"end":{"line":31,"column":59}},"25":{"start":{"line":31,"column":12},"end":{"line":31,"column":59}},"26":{"start":{"line":32,"column":8},"end":{"line":32,"column":36}},"27":{"start":{"line":33,"column":8},"end":{"line":41,"column":11}},"28":{"start":{"line":34,"column":12},"end":{"line":40,"column":13}},"29":{"start":{"line":35,"column":16},"end":{"line":35,"column":63}},"30":{"start":{"line":38,"column":16},"end":{"line":38,"column":43}},"31":{"start":{"line":39,"column":16},"end":{"line":39,"column":30}},"32":{"start":{"line":43,"column":4},"end":{"line":50,"column":8}},"33":{"start":{"line":43,"column":36},"end":{"line":50,"column":6}},"34":{"start":{"line":44,"column":8},"end":{"line":44,"column":53}},"35":{"start":{"line":45,"column":8},"end":{"line":45,"column":47}},"36":{"start":{"line":46,"column":8},"end":{"line":46,"column":47}},"37":{"start":{"line":47,"column":8},"end":{"line":47,"column":47}},"38":{"start":{"line":48,"column":23},"end":{"line":48,"column":39}},"39":{"start":{"line":49,"column":8},"end":{"line":49,"column":34}},"40":{"start":{"line":51,"column":4},"end":{"line":51,"column":14}}},"fnMap":{"0":{"name":"(anonymous_0)","decl":{"start":{"line":2,"column":44},"end":{"line":2,"column":45}},"loc":{"start":{"line":2,"column":89},"end":{"line":10,"column":1}},"line":2},"1":{"name":"adopt","decl":{"start":{"line":3,"column":13},"end":{"line":3,"column":18}},"loc":{"start":{"line":3,"column":26},"end":{"line":3,"column":112}},"line":3},"2":{"name":"(anonymous_2)","decl":{"start":{"line":3,"column":70},"end":{"line":3,"column":71}},"loc":{"start":{"line":3,"column":89},"end":{"line":3,"column":108}},"line":3},"3":{"name":"(anonymous_3)","decl":{"start":{"line":4,"column":36},"end":{"line":4,"column":37}},"loc":{"start":{"line":4,"column":63},"end":{"line":9,"column":5}},"line":4},"4":{"name":"fulfilled","decl":{"start":{"line":5,"column":17},"end":{"line":5,"column":26}},"loc":{"start":{"line":5,"column":34},"end":{"line":5,"column":99}},"line":5},"5":{"name":"rejected","decl":{"start":{"line":6,"column":17},"end":{"line":6,"column":25}},"loc":{"start":{"line":6,"column":33},"end":{"line":6,"column":102}},"line":6},"6":{"name":"step","decl":{"start":{"line":7,"column":17},"end":{"line":7,"column":21}},"loc":{"start":{"line":7,"column":30},"end":{"line":7,"column":118}},"line":7},"7":{"name":"(anonymous_7)","decl":{"start":{"line":11,"column":56},"end":{"line":11,"column":57}},"loc":{"start":{"line":11,"column":71},"end":{"line":13,"column":1}},"line":11},"8":{"name":"(anonymous_8)","decl":{"start":{"line":19,"column":17},"end":{"line":19,"column":18}},"loc":{"start":{"line":19,"column":29},"end":{"line":52,"column":1}},"line":19},"9":{"name":"(anonymous_9)","decl":{"start":{"line":28,"column":11},"end":{"line":28,"column":12}},"loc":{"start":{"line":28,"column":29},"end":{"line":42,"column":6}},"line":28},"10":{"name":"(anonymous_10)","decl":{"start":{"line":28,"column":63},"end":{"line":28,"column":64}},"loc":{"start":{"line":28,"column":76},"end":{"line":42,"column":5}},"line":28},"11":{"name":"(anonymous_11)","decl":{"start":{"line":33,"column":78},"end":{"line":33,"column":79}},"loc":{"start":{"line":33,"column":93},"end":{"line":41,"column":9}},"line":33},"12":{"name":"(anonymous_12)","decl":{"start":{"line":43,"column":24},"end":{"line":43,"column":25}},"loc":{"start":{"line":43,"column":36},"end":{"line":50,"column":6}},"line":43},"13":{"name":"(anonymous_13)","decl":{"start":{"line":43,"column":70},"end":{"line":43,"column":71}},"loc":{"start":{"line":43,"column":83},"end":{"line":50,"column":5}},"line":43}},"branchMap":{"0":{"loc":{"start":{"line":2,"column":16},"end":{"line":10,"column":1}},"type":"binary-expr","locations":[{"start":{"line":2,"column":17},"end":{"line":2,"column":21}},{"start":{"line":2,"column":25},"end":{"line":2,"column":39}},{"start":{"line":2,"column":44},"end":{"line":10,"column":1}}],"line":2},"1":{"loc":{"start":{"line":3,"column":35},"end":{"line":3,"column":109}},"type":"cond-expr","locations":[{"start":{"line":3,"column":56},"end":{"line":3,"column":61}},{"start":{"line":3,"column":64},"end":{"line":3,"column":109}}],"line":3},"2":{"loc":{"start":{"line":4,"column":16},"end":{"line":4,"column":34}},"type":"binary-expr","locations":[{"start":{"line":4,"column":16},"end":{"line":4,"column":17}},{"start":{"line":4,"column":22},"end":{"line":4,"column":33}}],"line":4},"3":{"loc":{"start":{"line":7,"column":32},"end":{"line":7,"column":115}},"type":"cond-expr","locations":[{"start":{"line":7,"column":46},"end":{"line":7,"column":67}},{"start":{"line":7,"column":70},"end":{"line":7,"column":115}}],"line":7},"4":{"loc":{"start":{"line":8,"column":51},"end":{"line":8,"column":67}},"type":"binary-expr","locations":[{"start":{"line":8,"column":51},"end":{"line":8,"column":61}},{"start":{"line":8,"column":65},"end":{"line":8,"column":67}}],"line":8},"5":{"loc":{"start":{"line":11,"column":22},"end":{"line":13,"column":1}},"type":"binary-expr","locations":[{"start":{"line":11,"column":23},"end":{"line":11,"column":27}},{"start":{"line":11,"column":31},"end":{"line":11,"column":51}},{"start":{"line":11,"column":56},"end":{"line":13,"column":1}}],"line":11},"6":{"loc":{"start":{"line":12,"column":11},"end":{"line":12,"column":61}},"type":"cond-expr","locations":[{"start":{"line":12,"column":37},"end":{"line":12,"column":40}},{"start":{"line":12,"column":43},"end":{"line":12,"column":61}}],"line":12},"7":{"loc":{"start":{"line":12,"column":12},"end":{"line":12,"column":33}},"type":"binary-expr","locations":[{"start":{"line":12,"column":12},"end":{"line":12,"column":15}},{"start":{"line":12,"column":19},"end":{"line":12,"column":33}}],"line":12},"8":{"loc":{"start":{"line":30,"column":8},"end":{"line":31,"column":59}},"type":"if","locations":[{"start":{"line":30,"column":8},"end":{"line":31,"column":59}},{"start":{},"end":{}}],"line":30},"9":{"loc":{"start":{"line":34,"column":12},"end":{"line":40,"column":13}},"type":"if","locations":[{"start":{"line":34,"column":12},"end":{"line":40,"column":13}},{"start":{"line":37,"column":17},"end":{"line":40,"column":13}}],"line":34}},"s":{"0":1,"1":2,"2":2,"3":4,"4":2,"5":2,"6":0,"7":0,"8":0,"9":0,"10":6,"11":4,"12":1,"13":4,"14":1,"15":1,"16":1,"17":1,"18":1,"19":1,"20":1,"21":1,"22":2,"23":2,"24":2,"25":0,"26":2,"27":2,"28":2,"29":0,"30":2,"31":2,"32":1,"33":2,"34":2,"35":2,"36":2,"37":2,"38":2,"39":2,"40":1},"f":{"0":4,"1":2,"2":2,"3":4,"4":2,"5":0,"6":6,"7":4,"8":1,"9":2,"10":2,"11":2,"12":2,"13":2},"b":{"0":[1,1,1],"1":[0,2],"2":[4,4],"3":[4,2],"4":[4,4],"5":[1,1,1],"6":[0,4],"7":[4,4],"8":[0,2],"9":[0,2]},"inputSourceMap":null,"_coverageSchema":"1a1c01bbd47fc00a2c39e90264f33305004495a9","hash":"07ae77a1373f7f906569164e8f4295b536c26c9a"}
,"/Users/yoniifrah/Desktop/VScode/React-Native/collage/dist/src/common/Error.js": {"path":"/Users/yoniifrah/Desktop/VScode/React-Native/collage/dist/src/common/Error.js","statementMap":{"0":{"start":{"line":4,"column":8},"end":{"line":4,"column":25}},"1":{"start":{"line":5,"column":8},"end":{"line":5,"column":31}},"2":{"start":{"line":8,"column":0},"end":{"line":8,"column":25}}},"fnMap":{"0":{"name":"(anonymous_0)","decl":{"start":{"line":3,"column":4},"end":{"line":3,"column":5}},"loc":{"start":{"line":3,"column":53},"end":{"line":6,"column":5}},"line":3}},"branchMap":{"0":{"loc":{"start":{"line":3,"column":16},"end":{"line":3,"column":24}},"type":"default-arg","locations":[{"start":{"line":3,"column":23},"end":{"line":3,"column":24}}],"line":3},"1":{"loc":{"start":{"line":3,"column":26},"end":{"line":3,"column":51}},"type":"default-arg","locations":[{"start":{"line":3,"column":36},"end":{"line":3,"column":51}}],"line":3}},"s":{"0":4,"1":4,"2":5},"f":{"0":4},"b":{"0":[0],"1":[0]},"inputSourceMap":null,"_coverageSchema":"1a1c01bbd47fc00a2c39e90264f33305004495a9","hash":"199c6c063a427b243635c879389f48663d54b408"}
,"/Users/yoniifrah/Desktop/VScode/React-Native/collage/dist/src/common/Request.js": {"path":"/Users/yoniifrah/Desktop/VScode/React-Native/collage/dist/src/common/Request.js","statementMap":{"0":{"start":{"line":4,"column":8},"end":{"line":4,"column":25}},"1":{"start":{"line":5,"column":8},"end":{"line":5,"column":58}},"2":{"start":{"line":6,"column":8},"end":{"line":6,"column":29}},"3":{"start":{"line":7,"column":8},"end":{"line":7,"column":27}},"4":{"start":{"line":10,"column":8},"end":{"line":10,"column":63}},"5":{"start":{"line":11,"column":8},"end":{"line":11,"column":81}},"6":{"start":{"line":14,"column":0},"end":{"line":14,"column":27}}},"fnMap":{"0":{"name":"(anonymous_0)","decl":{"start":{"line":3,"column":4},"end":{"line":3,"column":5}},"loc":{"start":{"line":3,"column":71},"end":{"line":8,"column":5}},"line":3},"1":{"name":"(anonymous_1)","decl":{"start":{"line":9,"column":4},"end":{"line":9,"column":5}},"loc":{"start":{"line":9,"column":32},"end":{"line":12,"column":5}},"line":9}},"branchMap":{"0":{"loc":{"start":{"line":3,"column":16},"end":{"line":3,"column":25}},"type":"default-arg","locations":[{"start":{"line":3,"column":23},"end":{"line":3,"column":25}}],"line":3},"1":{"loc":{"start":{"line":3,"column":27},"end":{"line":3,"column":40}},"type":"default-arg","locations":[{"start":{"line":3,"column":36},"end":{"line":3,"column":40}}],"line":3},"2":{"loc":{"start":{"line":3,"column":42},"end":{"line":3,"column":55}},"type":"default-arg","locations":[{"start":{"line":3,"column":51},"end":{"line":3,"column":55}}],"line":3},"3":{"loc":{"start":{"line":3,"column":57},"end":{"line":3,"column":69}},"type":"default-arg","locations":[{"start":{"line":3,"column":65},"end":{"line":3,"column":69}}],"line":3},"4":{"loc":{"start":{"line":5,"column":22},"end":{"line":5,"column":57}},"type":"cond-expr","locations":[{"start":{"line":5,"column":39},"end":{"line":5,"column":48}},{"start":{"line":5,"column":51},"end":{"line":5,"column":57}}],"line":5}},"s":{"0":18,"1":18,"2":18,"3":18,"4":11,"5":11,"6":5},"f":{"0":18,"1":11},"b":{"0":[0],"1":[11],"2":[1],"3":[3],"4":[11,7]},"inputSourceMap":null,"_coverageSchema":"1a1c01bbd47fc00a2c39e90264f33305004495a9","hash":"f01d54e6fc5ccf8c8218a29a1eb48bdc572d7dd6"}
,"/Users/yoniifrah/Desktop/VScode/React-Native/collage/dist/src/common/Response.js": {"path":"/Users/yoniifrah/Desktop/VScode/React-Native/collage/dist/src/common/Response.js","statementMap":{"0":{"start":{"line":4,"column":8},"end":{"line":4,"column":37}},"1":{"start":{"line":5,"column":8},"end":{"line":5,"column":25}},"2":{"start":{"line":6,"column":8},"end":{"line":6,"column":29}},"3":{"start":{"line":7,"column":8},"end":{"line":7,"column":29}},"4":{"start":{"line":8,"column":8},"end":{"line":8,"column":23}},"5":{"start":{"line":11,"column":8},"end":{"line":19,"column":9}},"6":{"start":{"line":12,"column":12},"end":{"line":12,"column":44}},"7":{"start":{"line":15,"column":12},"end":{"line":18,"column":15}},"8":{"start":{"line":22,"column":0},"end":{"line":22,"column":28}}},"fnMap":{"0":{"name":"(anonymous_0)","decl":{"start":{"line":3,"column":4},"end":{"line":3,"column":5}},"loc":{"start":{"line":3,"column":48},"end":{"line":9,"column":5}},"line":3},"1":{"name":"(anonymous_1)","decl":{"start":{"line":10,"column":4},"end":{"line":10,"column":5}},"loc":{"start":{"line":10,"column":26},"end":{"line":20,"column":5}},"line":10}},"branchMap":{"0":{"loc":{"start":{"line":3,"column":16},"end":{"line":3,"column":25}},"type":"default-arg","locations":[{"start":{"line":3,"column":23},"end":{"line":3,"column":25}}],"line":3},"1":{"loc":{"start":{"line":11,"column":8},"end":{"line":19,"column":9}},"type":"if","locations":[{"start":{"line":11,"column":8},"end":{"line":19,"column":9}},{"start":{"line":14,"column":13},"end":{"line":19,"column":9}}],"line":11},"2":{"loc":{"start":{"line":11,"column":12},"end":{"line":11,"column":53}},"type":"binary-expr","locations":[{"start":{"line":11,"column":12},"end":{"line":11,"column":28}},{"start":{"line":11,"column":32},"end":{"line":11,"column":53}}],"line":11}},"s":{"0":18,"1":18,"2":18,"3":18,"4":18,"5":11,"6":9,"7":2,"8":5},"f":{"0":18,"1":11},"b":{"0":[0],"1":[9,2],"2":[11,2]},"inputSourceMap":null,"_coverageSchema":"1a1c01bbd47fc00a2c39e90264f33305004495a9","hash":"3513923d10e07449fa14c29c87c65bf5f3a8ae14"}
,"/Users/yoniifrah/Desktop/VScode/React-Native/collage/dist/src/controllers/auth.js": {"path":"/Users/yoniifrah/Desktop/VScode/React-Native/collage/dist/src/controllers/auth.js","statementMap":{"0":{"start":{"line":2,"column":16},"end":{"line":10,"column":1}},"1":{"start":{"line":3,"column":28},"end":{"line":3,"column":110}},"2":{"start":{"line":3,"column":91},"end":{"line":3,"column":106}},"3":{"start":{"line":4,"column":4},"end":{"line":9,"column":7}},"4":{"start":{"line":5,"column":36},"end":{"line":5,"column":97}},"5":{"start":{"line":5,"column":42},"end":{"line":5,"column":70}},"6":{"start":{"line":5,"column":85},"end":{"line":5,"column":95}},"7":{"start":{"line":6,"column":35},"end":{"line":6,"column":100}},"8":{"start":{"line":6,"column":41},"end":{"line":6,"column":73}},"9":{"start":{"line":6,"column":88},"end":{"line":6,"column":98}},"10":{"start":{"line":7,"column":32},"end":{"line":7,"column":116}},"11":{"start":{"line":8,"column":8},"end":{"line":8,"column":78}},"12":{"start":{"line":11,"column":22},"end":{"line":13,"column":1}},"13":{"start":{"line":12,"column":4},"end":{"line":12,"column":62}},"14":{"start":{"line":15,"column":21},"end":{"line":15,"column":69}},"15":{"start":{"line":16,"column":17},"end":{"line":16,"column":51}},"16":{"start":{"line":17,"column":23},"end":{"line":17,"column":63}},"17":{"start":{"line":22,"column":4},"end":{"line":24,"column":7}},"18":{"start":{"line":28,"column":23},"end":{"line":28,"column":51}},"19":{"start":{"line":29,"column":4},"end":{"line":30,"column":20}},"20":{"start":{"line":30,"column":8},"end":{"line":30,"column":20}},"21":{"start":{"line":31,"column":4},"end":{"line":31,"column":36}},"22":{"start":{"line":34,"column":4},"end":{"line":38,"column":7}},"23":{"start":{"line":35,"column":28},"end":{"line":35,"column":163}},"24":{"start":{"line":36,"column":29},"end":{"line":36,"column":114}},"25":{"start":{"line":37,"column":8},"end":{"line":37,"column":76}},"26":{"start":{"line":49,"column":17},"end":{"line":81,"column":2}},"27":{"start":{"line":49,"column":31},"end":{"line":81,"column":2}},"28":{"start":{"line":50,"column":18},"end":{"line":50,"column":32}},"29":{"start":{"line":51,"column":21},"end":{"line":51,"column":38}},"30":{"start":{"line":52,"column":4},"end":{"line":54,"column":5}},"31":{"start":{"line":53,"column":8},"end":{"line":53,"column":69}},"32":{"start":{"line":55,"column":4},"end":{"line":64,"column":5}},"33":{"start":{"line":56,"column":21},"end":{"line":56,"column":75}},"34":{"start":{"line":57,"column":8},"end":{"line":59,"column":9}},"35":{"start":{"line":58,"column":12},"end":{"line":58,"column":57}},"36":{"start":{"line":62,"column":8},"end":{"line":62,"column":35}},"37":{"start":{"line":63,"column":8},"end":{"line":63,"column":45}},"38":{"start":{"line":65,"column":4},"end":{"line":80,"column":5}},"39":{"start":{"line":66,"column":21},"end":{"line":66,"column":55}},"40":{"start":{"line":67,"column":29},"end":{"line":67,"column":72}},"41":{"start":{"line":68,"column":22},"end":{"line":72,"column":10}},"42":{"start":{"line":73,"column":8},"end":{"line":73,"column":39}},"43":{"start":{"line":74,"column":8},"end":{"line":74,"column":38}},"44":{"start":{"line":75,"column":8},"end":{"line":75,"column":45}},"45":{"start":{"line":78,"column":8},"end":{"line":78,"column":37}},"46":{"start":{"line":79,"column":8},"end":{"line":79,"column":48}},"47":{"start":{"line":88,"column":14},"end":{"line":122,"column":2}},"48":{"start":{"line":88,"column":28},"end":{"line":122,"column":2}},"49":{"start":{"line":89,"column":18},"end":{"line":89,"column":32}},"50":{"start":{"line":90,"column":21},"end":{"line":90,"column":38}},"51":{"start":{"line":91,"column":4},"end":{"line":93,"column":5}},"52":{"start":{"line":92,"column":8},"end":{"line":92,"column":69}},"53":{"start":{"line":94,"column":4},"end":{"line":121,"column":5}},"54":{"start":{"line":95,"column":21},"end":{"line":95,"column":75}},"55":{"start":{"line":96,"column":8},"end":{"line":98,"column":9}},"56":{"start":{"line":97,"column":12},"end":{"line":97,"column":64}},"57":{"start":{"line":99,"column":22},"end":{"line":99,"column":77}},"58":{"start":{"line":100,"column":8},"end":{"line":102,"column":9}},"59":{"start":{"line":101,"column":12},"end":{"line":101,"column":64}},"60":{"start":{"line":103,"column":23},"end":{"line":103,"column":67}},"61":{"start":{"line":104,"column":8},"end":{"line":109,"column":9}},"62":{"start":{"line":105,"column":12},"end":{"line":105,"column":56}},"63":{"start":{"line":108,"column":12},"end":{"line":108,"column":58}},"64":{"start":{"line":110,"column":8},"end":{"line":110,"column":26}},"65":{"start":{"line":112,"column":23},"end":{"line":112,"column":83}},"66":{"start":{"line":113,"column":8},"end":{"line":113,"column":38}},"67":{"start":{"line":115,"column":8},"end":{"line":115,"column":42}},"68":{"start":{"line":116,"column":8},"end":{"line":116,"column":37}},"69":{"start":{"line":119,"column":8},"end":{"line":119,"column":35}},"70":{"start":{"line":120,"column":8},"end":{"line":120,"column":45}},"71":{"start":{"line":123,"column":16},"end":{"line":145,"column":2}},"72":{"start":{"line":123,"column":30},"end":{"line":145,"column":2}},"73":{"start":{"line":124,"column":25},"end":{"line":124,"column":45}},"74":{"start":{"line":125,"column":4},"end":{"line":126,"column":56}},"75":{"start":{"line":126,"column":8},"end":{"line":126,"column":56}},"76":{"start":{"line":127,"column":4},"end":{"line":144,"column":5}},"77":{"start":{"line":128,"column":21},"end":{"line":128,"column":98}},"78":{"start":{"line":129,"column":24},"end":{"line":129,"column":71}},"79":{"start":{"line":130,"column":8},"end":{"line":131,"column":59}},"80":{"start":{"line":131,"column":12},"end":{"line":131,"column":59}},"81":{"start":{"line":132,"column":8},"end":{"line":136,"column":9}},"82":{"start":{"line":133,"column":12},"end":{"line":133,"column":40}},"83":{"start":{"line":134,"column":12},"end":{"line":134,"column":33}},"84":{"start":{"line":135,"column":12},"end":{"line":135,"column":59}},"85":{"start":{"line":137,"column":23},"end":{"line":137,"column":55}},"86":{"start":{"line":138,"column":8},"end":{"line":138,"column":102}},"87":{"start":{"line":139,"column":8},"end":{"line":139,"column":29}},"88":{"start":{"line":140,"column":8},"end":{"line":140,"column":44}},"89":{"start":{"line":143,"column":8},"end":{"line":143,"column":57}},"90":{"start":{"line":152,"column":15},"end":{"line":178,"column":2}},"91":{"start":{"line":152,"column":29},"end":{"line":178,"column":2}},"92":{"start":{"line":153,"column":25},"end":{"line":153,"column":45}},"93":{"start":{"line":154,"column":4},"end":{"line":154,"column":61}},"94":{"start":{"line":155,"column":4},"end":{"line":158,"column":5}},"95":{"start":{"line":156,"column":8},"end":{"line":156,"column":39}},"96":{"start":{"line":157,"column":8},"end":{"line":157,"column":56}},"97":{"start":{"line":159,"column":4},"end":{"line":177,"column":5}},"98":{"start":{"line":160,"column":21},"end":{"line":160,"column":98}},"99":{"start":{"line":161,"column":24},"end":{"line":161,"column":68}},"100":{"start":{"line":162,"column":8},"end":{"line":163,"column":59}},"101":{"start":{"line":163,"column":12},"end":{"line":163,"column":59}},"102":{"start":{"line":164,"column":8},"end":{"line":168,"column":9}},"103":{"start":{"line":165,"column":12},"end":{"line":165,"column":40}},"104":{"start":{"line":166,"column":12},"end":{"line":166,"column":33}},"105":{"start":{"line":167,"column":12},"end":{"line":167,"column":59}},"106":{"start":{"line":169,"column":8},"end":{"line":169,"column":87}},"107":{"start":{"line":170,"column":8},"end":{"line":170,"column":29}},"108":{"start":{"line":171,"column":8},"end":{"line":171,"column":43}},"109":{"start":{"line":172,"column":8},"end":{"line":172,"column":38}},"110":{"start":{"line":175,"column":8},"end":{"line":175,"column":25}},"111":{"start":{"line":176,"column":8},"end":{"line":176,"column":55}},"112":{"start":{"line":179,"column":36},"end":{"line":193,"column":2}},"113":{"start":{"line":179,"column":56},"end":{"line":193,"column":2}},"114":{"start":{"line":180,"column":18},"end":{"line":180,"column":38}},"115":{"start":{"line":181,"column":4},"end":{"line":183,"column":5}},"116":{"start":{"line":182,"column":8},"end":{"line":182,"column":49}},"117":{"start":{"line":184,"column":4},"end":{"line":192,"column":5}},"118":{"start":{"line":185,"column":21},"end":{"line":185,"column":90}},"119":{"start":{"line":186,"column":8},"end":{"line":186,"column":38}},"120":{"start":{"line":187,"column":8},"end":{"line":187,"column":41}},"121":{"start":{"line":188,"column":8},"end":{"line":188,"column":15}},"122":{"start":{"line":191,"column":8},"end":{"line":191,"column":57}},"123":{"start":{"line":194,"column":23},"end":{"line":216,"column":2}},"124":{"start":{"line":194,"column":37},"end":{"line":216,"column":2}},"125":{"start":{"line":195,"column":4},"end":{"line":195,"column":42}},"126":{"start":{"line":196,"column":18},"end":{"line":196,"column":34}},"127":{"start":{"line":197,"column":21},"end":{"line":197,"column":38}},"128":{"start":{"line":198,"column":4},"end":{"line":200,"column":5}},"129":{"start":{"line":199,"column":8},"end":{"line":199,"column":69}},"130":{"start":{"line":201,"column":4},"end":{"line":215,"column":5}},"131":{"start":{"line":203,"column":19},"end":{"line":203,"column":73}},"132":{"start":{"line":204,"column":8},"end":{"line":206,"column":9}},"133":{"start":{"line":205,"column":12},"end":{"line":205,"column":50}},"134":{"start":{"line":207,"column":21},"end":{"line":207,"column":55}},"135":{"start":{"line":208,"column":29},"end":{"line":208,"column":72}},"136":{"start":{"line":209,"column":23},"end":{"line":209,"column":115}},"137":{"start":{"line":210,"column":8},"end":{"line":210,"column":64}},"138":{"start":{"line":211,"column":8},"end":{"line":211,"column":58}},"139":{"start":{"line":214,"column":8},"end":{"line":214,"column":55}},"140":{"start":{"line":217,"column":0},"end":{"line":217,"column":99}}},"fnMap":{"0":{"name":"(anonymous_0)","decl":{"start":{"line":2,"column":44},"end":{"line":2,"column":45}},"loc":{"start":{"line":2,"column":89},"end":{"line":10,"column":1}},"line":2},"1":{"name":"adopt","decl":{"start":{"line":3,"column":13},"end":{"line":3,"column":18}},"loc":{"start":{"line":3,"column":26},"end":{"line":3,"column":112}},"line":3},"2":{"name":"(anonymous_2)","decl":{"start":{"line":3,"column":70},"end":{"line":3,"column":71}},"loc":{"start":{"line":3,"column":89},"end":{"line":3,"column":108}},"line":3},"3":{"name":"(anonymous_3)","decl":{"start":{"line":4,"column":36},"end":{"line":4,"column":37}},"loc":{"start":{"line":4,"column":63},"end":{"line":9,"column":5}},"line":4},"4":{"name":"fulfilled","decl":{"start":{"line":5,"column":17},"end":{"line":5,"column":26}},"loc":{"start":{"line":5,"column":34},"end":{"line":5,"column":99}},"line":5},"5":{"name":"rejected","decl":{"start":{"line":6,"column":17},"end":{"line":6,"column":25}},"loc":{"start":{"line":6,"column":33},"end":{"line":6,"column":102}},"line":6},"6":{"name":"step","decl":{"start":{"line":7,"column":17},"end":{"line":7,"column":21}},"loc":{"start":{"line":7,"column":30},"end":{"line":7,"column":118}},"line":7},"7":{"name":"(anonymous_7)","decl":{"start":{"line":11,"column":56},"end":{"line":11,"column":57}},"loc":{"start":{"line":11,"column":71},"end":{"line":13,"column":1}},"line":11},"8":{"name":"sendError","decl":{"start":{"line":21,"column":9},"end":{"line":21,"column":18}},"loc":{"start":{"line":21,"column":31},"end":{"line":25,"column":1}},"line":21},"9":{"name":"getTokenFromReq","decl":{"start":{"line":26,"column":9},"end":{"line":26,"column":24}},"loc":{"start":{"line":26,"column":30},"end":{"line":32,"column":1}},"line":26},"10":{"name":"generateTokens","decl":{"start":{"line":33,"column":9},"end":{"line":33,"column":23}},"loc":{"start":{"line":33,"column":32},"end":{"line":39,"column":1}},"line":33},"11":{"name":"(anonymous_11)","decl":{"start":{"line":34,"column":43},"end":{"line":34,"column":44}},"loc":{"start":{"line":34,"column":56},"end":{"line":38,"column":5}},"line":34},"12":{"name":"(anonymous_12)","decl":{"start":{"line":49,"column":17},"end":{"line":49,"column":18}},"loc":{"start":{"line":49,"column":31},"end":{"line":81,"column":2}},"line":49},"13":{"name":"(anonymous_13)","decl":{"start":{"line":49,"column":65},"end":{"line":49,"column":66}},"loc":{"start":{"line":49,"column":78},"end":{"line":81,"column":1}},"line":49},"14":{"name":"(anonymous_14)","decl":{"start":{"line":88,"column":14},"end":{"line":88,"column":15}},"loc":{"start":{"line":88,"column":28},"end":{"line":122,"column":2}},"line":88},"15":{"name":"(anonymous_15)","decl":{"start":{"line":88,"column":62},"end":{"line":88,"column":63}},"loc":{"start":{"line":88,"column":75},"end":{"line":122,"column":1}},"line":88},"16":{"name":"(anonymous_16)","decl":{"start":{"line":123,"column":16},"end":{"line":123,"column":17}},"loc":{"start":{"line":123,"column":30},"end":{"line":145,"column":2}},"line":123},"17":{"name":"(anonymous_17)","decl":{"start":{"line":123,"column":64},"end":{"line":123,"column":65}},"loc":{"start":{"line":123,"column":77},"end":{"line":145,"column":1}},"line":123},"18":{"name":"(anonymous_18)","decl":{"start":{"line":152,"column":15},"end":{"line":152,"column":16}},"loc":{"start":{"line":152,"column":29},"end":{"line":178,"column":2}},"line":152},"19":{"name":"(anonymous_19)","decl":{"start":{"line":152,"column":63},"end":{"line":152,"column":64}},"loc":{"start":{"line":152,"column":76},"end":{"line":178,"column":1}},"line":152},"20":{"name":"(anonymous_20)","decl":{"start":{"line":179,"column":36},"end":{"line":179,"column":37}},"loc":{"start":{"line":179,"column":56},"end":{"line":193,"column":2}},"line":179},"21":{"name":"(anonymous_21)","decl":{"start":{"line":179,"column":90},"end":{"line":179,"column":91}},"loc":{"start":{"line":179,"column":103},"end":{"line":193,"column":1}},"line":179},"22":{"name":"(anonymous_22)","decl":{"start":{"line":194,"column":23},"end":{"line":194,"column":24}},"loc":{"start":{"line":194,"column":37},"end":{"line":216,"column":2}},"line":194},"23":{"name":"(anonymous_23)","decl":{"start":{"line":194,"column":71},"end":{"line":194,"column":72}},"loc":{"start":{"line":194,"column":84},"end":{"line":216,"column":1}},"line":194}},"branchMap":{"0":{"loc":{"start":{"line":2,"column":16},"end":{"line":10,"column":1}},"type":"binary-expr","locations":[{"start":{"line":2,"column":17},"end":{"line":2,"column":21}},{"start":{"line":2,"column":25},"end":{"line":2,"column":39}},{"start":{"line":2,"column":44},"end":{"line":10,"column":1}}],"line":2},"1":{"loc":{"start":{"line":3,"column":35},"end":{"line":3,"column":109}},"type":"cond-expr","locations":[{"start":{"line":3,"column":56},"end":{"line":3,"column":61}},{"start":{"line":3,"column":64},"end":{"line":3,"column":109}}],"line":3},"2":{"loc":{"start":{"line":4,"column":16},"end":{"line":4,"column":34}},"type":"binary-expr","locations":[{"start":{"line":4,"column":16},"end":{"line":4,"column":17}},{"start":{"line":4,"column":22},"end":{"line":4,"column":33}}],"line":4},"3":{"loc":{"start":{"line":7,"column":32},"end":{"line":7,"column":115}},"type":"cond-expr","locations":[{"start":{"line":7,"column":46},"end":{"line":7,"column":67}},{"start":{"line":7,"column":70},"end":{"line":7,"column":115}}],"line":7},"4":{"loc":{"start":{"line":8,"column":51},"end":{"line":8,"column":67}},"type":"binary-expr","locations":[{"start":{"line":8,"column":51},"end":{"line":8,"column":61}},{"start":{"line":8,"column":65},"end":{"line":8,"column":67}}],"line":8},"5":{"loc":{"start":{"line":11,"column":22},"end":{"line":13,"column":1}},"type":"binary-expr","locations":[{"start":{"line":11,"column":23},"end":{"line":11,"column":27}},{"start":{"line":11,"column":31},"end":{"line":11,"column":51}},{"start":{"line":11,"column":56},"end":{"line":13,"column":1}}],"line":11},"6":{"loc":{"start":{"line":12,"column":11},"end":{"line":12,"column":61}},"type":"cond-expr","locations":[{"start":{"line":12,"column":37},"end":{"line":12,"column":40}},{"start":{"line":12,"column":43},"end":{"line":12,"column":61}}],"line":12},"7":{"loc":{"start":{"line":12,"column":12},"end":{"line":12,"column":33}},"type":"binary-expr","locations":[{"start":{"line":12,"column":12},"end":{"line":12,"column":15}},{"start":{"line":12,"column":19},"end":{"line":12,"column":33}}],"line":12},"8":{"loc":{"start":{"line":29,"column":4},"end":{"line":30,"column":20}},"type":"if","locations":[{"start":{"line":29,"column":4},"end":{"line":30,"column":20}},{"start":{},"end":{}}],"line":29},"9":{"loc":{"start":{"line":52,"column":4},"end":{"line":54,"column":5}},"type":"if","locations":[{"start":{"line":52,"column":4},"end":{"line":54,"column":5}},{"start":{},"end":{}}],"line":52},"10":{"loc":{"start":{"line":52,"column":8},"end":{"line":52,"column":27}},"type":"binary-expr","locations":[{"start":{"line":52,"column":8},"end":{"line":52,"column":14}},{"start":{"line":52,"column":18},"end":{"line":52,"column":27}}],"line":52},"11":{"loc":{"start":{"line":57,"column":8},"end":{"line":59,"column":9}},"type":"if","locations":[{"start":{"line":57,"column":8},"end":{"line":59,"column":9}},{"start":{},"end":{}}],"line":57},"12":{"loc":{"start":{"line":91,"column":4},"end":{"line":93,"column":5}},"type":"if","locations":[{"start":{"line":91,"column":4},"end":{"line":93,"column":5}},{"start":{},"end":{}}],"line":91},"13":{"loc":{"start":{"line":91,"column":8},"end":{"line":91,"column":27}},"type":"binary-expr","locations":[{"start":{"line":91,"column":8},"end":{"line":91,"column":14}},{"start":{"line":91,"column":18},"end":{"line":91,"column":27}}],"line":91},"14":{"loc":{"start":{"line":96,"column":8},"end":{"line":98,"column":9}},"type":"if","locations":[{"start":{"line":96,"column":8},"end":{"line":98,"column":9}},{"start":{},"end":{}}],"line":96},"15":{"loc":{"start":{"line":100,"column":8},"end":{"line":102,"column":9}},"type":"if","locations":[{"start":{"line":100,"column":8},"end":{"line":102,"column":9}},{"start":{},"end":{}}],"line":100},"16":{"loc":{"start":{"line":104,"column":8},"end":{"line":109,"column":9}},"type":"if","locations":[{"start":{"line":104,"column":8},"end":{"line":109,"column":9}},{"start":{"line":107,"column":13},"end":{"line":109,"column":9}}],"line":104},"17":{"loc":{"start":{"line":125,"column":4},"end":{"line":126,"column":56}},"type":"if","locations":[{"start":{"line":125,"column":4},"end":{"line":126,"column":56}},{"start":{},"end":{}}],"line":125},"18":{"loc":{"start":{"line":130,"column":8},"end":{"line":131,"column":59}},"type":"if","locations":[{"start":{"line":130,"column":8},"end":{"line":131,"column":59}},{"start":{},"end":{}}],"line":130},"19":{"loc":{"start":{"line":132,"column":8},"end":{"line":136,"column":9}},"type":"if","locations":[{"start":{"line":132,"column":8},"end":{"line":136,"column":9}},{"start":{},"end":{}}],"line":132},"20":{"loc":{"start":{"line":155,"column":4},"end":{"line":158,"column":5}},"type":"if","locations":[{"start":{"line":155,"column":4},"end":{"line":158,"column":5}},{"start":{},"end":{}}],"line":155},"21":{"loc":{"start":{"line":162,"column":8},"end":{"line":163,"column":59}},"type":"if","locations":[{"start":{"line":162,"column":8},"end":{"line":163,"column":59}},{"start":{},"end":{}}],"line":162},"22":{"loc":{"start":{"line":164,"column":8},"end":{"line":168,"column":9}},"type":"if","locations":[{"start":{"line":164,"column":8},"end":{"line":168,"column":9}},{"start":{},"end":{}}],"line":164},"23":{"loc":{"start":{"line":181,"column":4},"end":{"line":183,"column":5}},"type":"if","locations":[{"start":{"line":181,"column":4},"end":{"line":183,"column":5}},{"start":{},"end":{}}],"line":181},"24":{"loc":{"start":{"line":198,"column":4},"end":{"line":200,"column":5}},"type":"if","locations":[{"start":{"line":198,"column":4},"end":{"line":200,"column":5}},{"start":{},"end":{}}],"line":198},"25":{"loc":{"start":{"line":198,"column":8},"end":{"line":198,"column":27}},"type":"binary-expr","locations":[{"start":{"line":198,"column":8},"end":{"line":198,"column":14}},{"start":{"line":198,"column":18},"end":{"line":198,"column":27}}],"line":198},"26":{"loc":{"start":{"line":204,"column":8},"end":{"line":206,"column":9}},"type":"if","locations":[{"start":{"line":204,"column":8},"end":{"line":206,"column":9}},{"start":{},"end":{}}],"line":204}},"s":{"0":5,"1":83,"2":38,"3":41,"4":83,"5":83,"6":0,"7":0,"8":0,"9":0,"10":124,"11":41,"12":5,"13":15,"14":5,"15":5,"16":5,"17":4,"18":16,"19":16,"20":1,"21":15,"22":10,"23":10,"24":10,"25":10,"26":5,"27":4,"28":4,"29":4,"30":4,"31":0,"32":4,"33":4,"34":4,"35":0,"36":0,"37":0,"38":4,"39":4,"40":4,"41":4,"42":4,"43":4,"44":4,"45":0,"46":0,"47":5,"48":10,"49":10,"50":10,"51":10,"52":0,"53":10,"54":10,"55":10,"56":0,"57":10,"58":10,"59":1,"60":9,"61":9,"62":0,"63":9,"64":9,"65":9,"66":9,"67":9,"68":9,"69":0,"70":0,"71":5,"72":1,"73":1,"74":1,"75":0,"76":1,"77":1,"78":1,"79":1,"80":0,"81":1,"82":0,"83":0,"84":0,"85":1,"86":1,"87":1,"88":1,"89":0,"90":5,"91":1,"92":1,"93":1,"94":1,"95":0,"96":0,"97":1,"98":1,"99":1,"100":1,"101":0,"102":1,"103":0,"104":0,"105":0,"106":1,"107":1,"108":1,"109":1,"110":0,"111":0,"112":5,"113":14,"114":14,"115":14,"116":1,"117":13,"118":13,"119":11,"120":11,"121":11,"122":2,"123":5,"124":1,"125":1,"126":1,"127":1,"128":1,"129":0,"130":1,"131":1,"132":1,"133":0,"134":1,"135":1,"136":1,"137":1,"138":1,"139":0,"140":5},"f":{"0":41,"1":83,"2":38,"3":41,"4":83,"5":0,"6":124,"7":15,"8":4,"9":16,"10":10,"11":10,"12":4,"13":4,"14":10,"15":10,"16":1,"17":1,"18":1,"19":1,"20":14,"21":14,"22":1,"23":1},"b":{"0":[5,5,5],"1":[45,38],"2":[41,41],"3":[41,83],"4":[41,41],"5":[5,5,5],"6":[0,15],"7":[15,15],"8":[1,15],"9":[0,4],"10":[4,4],"11":[0,4],"12":[0,10],"13":[10,10],"14":[0,10],"15":[1,9],"16":[0,9],"17":[0,1],"18":[0,1],"19":[0,1],"20":[0,1],"21":[0,1],"22":[0,1],"23":[1,13],"24":[0,1],"25":[1,1],"26":[0,1]},"inputSourceMap":null,"_coverageSchema":"1a1c01bbd47fc00a2c39e90264f33305004495a9","hash":"ffcfe3b4664cf10ef3dc102e5c1fc858bd775daa"}
,"/Users/yoniifrah/Desktop/VScode/React-Native/collage/dist/src/controllers/post.js": {"path":"/Users/yoniifrah/Desktop/VScode/React-Native/collage/dist/src/controllers/post.js","statementMap":{"0":{"start":{"line":2,"column":16},"end":{"line":10,"column":1}},"1":{"start":{"line":3,"column":28},"end":{"line":3,"column":110}},"2":{"start":{"line":3,"column":91},"end":{"line":3,"column":106}},"3":{"start":{"line":4,"column":4},"end":{"line":9,"column":7}},"4":{"start":{"line":5,"column":36},"end":{"line":5,"column":97}},"5":{"start":{"line":5,"column":42},"end":{"line":5,"column":70}},"6":{"start":{"line":5,"column":85},"end":{"line":5,"column":95}},"7":{"start":{"line":6,"column":35},"end":{"line":6,"column":100}},"8":{"start":{"line":6,"column":41},"end":{"line":6,"column":73}},"9":{"start":{"line":6,"column":88},"end":{"line":6,"column":98}},"10":{"start":{"line":7,"column":32},"end":{"line":7,"column":116}},"11":{"start":{"line":8,"column":8},"end":{"line":8,"column":78}},"12":{"start":{"line":11,"column":22},"end":{"line":13,"column":1}},"13":{"start":{"line":12,"column":4},"end":{"line":12,"column":62}},"14":{"start":{"line":14,"column":16},"end":{"line":14,"column":59}},"15":{"start":{"line":15,"column":19},"end":{"line":15,"column":65}},"16":{"start":{"line":16,"column":21},"end":{"line":16,"column":69}},"17":{"start":{"line":17,"column":25},"end":{"line":26,"column":2}},"18":{"start":{"line":17,"column":31},"end":{"line":26,"column":2}},"19":{"start":{"line":18,"column":4},"end":{"line":18,"column":44}},"20":{"start":{"line":19,"column":4},"end":{"line":25,"column":5}},"21":{"start":{"line":20,"column":22},"end":{"line":20,"column":55}},"22":{"start":{"line":21,"column":8},"end":{"line":21,"column":45}},"23":{"start":{"line":24,"column":8},"end":{"line":24,"column":44}},"24":{"start":{"line":27,"column":20},"end":{"line":42,"column":2}},"25":{"start":{"line":27,"column":29},"end":{"line":42,"column":2}},"26":{"start":{"line":28,"column":4},"end":{"line":41,"column":5}},"27":{"start":{"line":29,"column":20},"end":{"line":29,"column":22}},"28":{"start":{"line":30,"column":8},"end":{"line":35,"column":9}},"29":{"start":{"line":31,"column":12},"end":{"line":31,"column":54}},"30":{"start":{"line":34,"column":12},"end":{"line":34,"column":84}},"31":{"start":{"line":36,"column":8},"end":{"line":36,"column":45}},"32":{"start":{"line":39,"column":8},"end":{"line":39,"column":47}},"33":{"start":{"line":40,"column":8},"end":{"line":40,"column":97}},"34":{"start":{"line":43,"column":19},"end":{"line":56,"column":2}},"35":{"start":{"line":43,"column":28},"end":{"line":56,"column":2}},"36":{"start":{"line":44,"column":4},"end":{"line":44,"column":56}},"37":{"start":{"line":45,"column":17},"end":{"line":48,"column":6}},"38":{"start":{"line":49,"column":4},"end":{"line":55,"column":5}},"39":{"start":{"line":50,"column":24},"end":{"line":50,"column":41}},"40":{"start":{"line":51,"column":8},"end":{"line":51,"column":59}},"41":{"start":{"line":54,"column":8},"end":{"line":54,"column":104}},"42":{"start":{"line":57,"column":20},"end":{"line":73,"column":2}},"43":{"start":{"line":57,"column":29},"end":{"line":73,"column":2}},"44":{"start":{"line":58,"column":15},"end":{"line":58,"column":28}},"45":{"start":{"line":59,"column":4},"end":{"line":59,"column":37}},"46":{"start":{"line":60,"column":4},"end":{"line":62,"column":5}},"47":{"start":{"line":61,"column":8},"end":{"line":61,"column":36}},"48":{"start":{"line":63,"column":4},"end":{"line":65,"column":5}},"49":{"start":{"line":64,"column":8},"end":{"line":64,"column":106}},"50":{"start":{"line":66,"column":4},"end":{"line":72,"column":5}},"51":{"start":{"line":67,"column":22},"end":{"line":67,"column":61}},"52":{"start":{"line":68,"column":8},"end":{"line":68,"column":49}},"53":{"start":{"line":71,"column":8},"end":{"line":71,"column":97}},"54":{"start":{"line":74,"column":20},"end":{"line":89,"column":2}},"55":{"start":{"line":74,"column":29},"end":{"line":89,"column":2}},"56":{"start":{"line":75,"column":15},"end":{"line":75,"column":28}},"57":{"start":{"line":76,"column":4},"end":{"line":76,"column":37}},"58":{"start":{"line":77,"column":4},"end":{"line":79,"column":5}},"59":{"start":{"line":78,"column":8},"end":{"line":78,"column":101}},"60":{"start":{"line":80,"column":4},"end":{"line":88,"column":5}},"61":{"start":{"line":81,"column":22},"end":{"line":83,"column":10}},"62":{"start":{"line":84,"column":8},"end":{"line":84,"column":49}},"63":{"start":{"line":87,"column":8},"end":{"line":87,"column":97}},"64":{"start":{"line":90,"column":0},"end":{"line":90,"column":89}}},"fnMap":{"0":{"name":"(anonymous_0)","decl":{"start":{"line":2,"column":44},"end":{"line":2,"column":45}},"loc":{"start":{"line":2,"column":89},"end":{"line":10,"column":1}},"line":2},"1":{"name":"adopt","decl":{"start":{"line":3,"column":13},"end":{"line":3,"column":18}},"loc":{"start":{"line":3,"column":26},"end":{"line":3,"column":112}},"line":3},"2":{"name":"(anonymous_2)","decl":{"start":{"line":3,"column":70},"end":{"line":3,"column":71}},"loc":{"start":{"line":3,"column":89},"end":{"line":3,"column":108}},"line":3},"3":{"name":"(anonymous_3)","decl":{"start":{"line":4,"column":36},"end":{"line":4,"column":37}},"loc":{"start":{"line":4,"column":63},"end":{"line":9,"column":5}},"line":4},"4":{"name":"fulfilled","decl":{"start":{"line":5,"column":17},"end":{"line":5,"column":26}},"loc":{"start":{"line":5,"column":34},"end":{"line":5,"column":99}},"line":5},"5":{"name":"rejected","decl":{"start":{"line":6,"column":17},"end":{"line":6,"column":25}},"loc":{"start":{"line":6,"column":33},"end":{"line":6,"column":102}},"line":6},"6":{"name":"step","decl":{"start":{"line":7,"column":17},"end":{"line":7,"column":21}},"loc":{"start":{"line":7,"column":30},"end":{"line":7,"column":118}},"line":7},"7":{"name":"(anonymous_7)","decl":{"start":{"line":11,"column":56},"end":{"line":11,"column":57}},"loc":{"start":{"line":11,"column":71},"end":{"line":13,"column":1}},"line":11},"8":{"name":"(anonymous_8)","decl":{"start":{"line":17,"column":25},"end":{"line":17,"column":26}},"loc":{"start":{"line":17,"column":31},"end":{"line":26,"column":2}},"line":17},"9":{"name":"(anonymous_9)","decl":{"start":{"line":17,"column":65},"end":{"line":17,"column":66}},"loc":{"start":{"line":17,"column":78},"end":{"line":26,"column":1}},"line":17},"10":{"name":"(anonymous_10)","decl":{"start":{"line":27,"column":20},"end":{"line":27,"column":21}},"loc":{"start":{"line":27,"column":29},"end":{"line":42,"column":2}},"line":27},"11":{"name":"(anonymous_11)","decl":{"start":{"line":27,"column":63},"end":{"line":27,"column":64}},"loc":{"start":{"line":27,"column":76},"end":{"line":42,"column":1}},"line":27},"12":{"name":"(anonymous_12)","decl":{"start":{"line":43,"column":19},"end":{"line":43,"column":20}},"loc":{"start":{"line":43,"column":28},"end":{"line":56,"column":2}},"line":43},"13":{"name":"(anonymous_13)","decl":{"start":{"line":43,"column":62},"end":{"line":43,"column":63}},"loc":{"start":{"line":43,"column":75},"end":{"line":56,"column":1}},"line":43},"14":{"name":"(anonymous_14)","decl":{"start":{"line":57,"column":20},"end":{"line":57,"column":21}},"loc":{"start":{"line":57,"column":29},"end":{"line":73,"column":2}},"line":57},"15":{"name":"(anonymous_15)","decl":{"start":{"line":57,"column":63},"end":{"line":57,"column":64}},"loc":{"start":{"line":57,"column":76},"end":{"line":73,"column":1}},"line":57},"16":{"name":"(anonymous_16)","decl":{"start":{"line":74,"column":20},"end":{"line":74,"column":21}},"loc":{"start":{"line":74,"column":29},"end":{"line":89,"column":2}},"line":74},"17":{"name":"(anonymous_17)","decl":{"start":{"line":74,"column":63},"end":{"line":74,"column":64}},"loc":{"start":{"line":74,"column":76},"end":{"line":89,"column":1}},"line":74}},"branchMap":{"0":{"loc":{"start":{"line":2,"column":16},"end":{"line":10,"column":1}},"type":"binary-expr","locations":[{"start":{"line":2,"column":17},"end":{"line":2,"column":21}},{"start":{"line":2,"column":25},"end":{"line":2,"column":39}},{"start":{"line":2,"column":44},"end":{"line":10,"column":1}}],"line":2},"1":{"loc":{"start":{"line":3,"column":35},"end":{"line":3,"column":109}},"type":"cond-expr","locations":[{"start":{"line":3,"column":56},"end":{"line":3,"column":61}},{"start":{"line":3,"column":64},"end":{"line":3,"column":109}}],"line":3},"2":{"loc":{"start":{"line":4,"column":16},"end":{"line":4,"column":34}},"type":"binary-expr","locations":[{"start":{"line":4,"column":16},"end":{"line":4,"column":17}},{"start":{"line":4,"column":22},"end":{"line":4,"column":33}}],"line":4},"3":{"loc":{"start":{"line":7,"column":32},"end":{"line":7,"column":115}},"type":"cond-expr","locations":[{"start":{"line":7,"column":46},"end":{"line":7,"column":67}},{"start":{"line":7,"column":70},"end":{"line":7,"column":115}}],"line":7},"4":{"loc":{"start":{"line":8,"column":51},"end":{"line":8,"column":67}},"type":"binary-expr","locations":[{"start":{"line":8,"column":51},"end":{"line":8,"column":61}},{"start":{"line":8,"column":65},"end":{"line":8,"column":67}}],"line":8},"5":{"loc":{"start":{"line":11,"column":22},"end":{"line":13,"column":1}},"type":"binary-expr","locations":[{"start":{"line":11,"column":23},"end":{"line":11,"column":27}},{"start":{"line":11,"column":31},"end":{"line":11,"column":51}},{"start":{"line":11,"column":56},"end":{"line":13,"column":1}}],"line":11},"6":{"loc":{"start":{"line":12,"column":11},"end":{"line":12,"column":61}},"type":"cond-expr","locations":[{"start":{"line":12,"column":37},"end":{"line":12,"column":40}},{"start":{"line":12,"column":43},"end":{"line":12,"column":61}}],"line":12},"7":{"loc":{"start":{"line":12,"column":12},"end":{"line":12,"column":33}},"type":"binary-expr","locations":[{"start":{"line":12,"column":12},"end":{"line":12,"column":15}},{"start":{"line":12,"column":19},"end":{"line":12,"column":33}}],"line":12},"8":{"loc":{"start":{"line":30,"column":8},"end":{"line":35,"column":9}},"type":"if","locations":[{"start":{"line":30,"column":8},"end":{"line":35,"column":9}},{"start":{"line":33,"column":13},"end":{"line":35,"column":9}}],"line":30},"9":{"loc":{"start":{"line":30,"column":12},"end":{"line":30,"column":57}},"type":"binary-expr","locations":[{"start":{"line":30,"column":12},"end":{"line":30,"column":36}},{"start":{"line":30,"column":40},"end":{"line":30,"column":57}}],"line":30},"10":{"loc":{"start":{"line":60,"column":4},"end":{"line":62,"column":5}},"type":"if","locations":[{"start":{"line":60,"column":4},"end":{"line":62,"column":5}},{"start":{},"end":{}}],"line":60},"11":{"loc":{"start":{"line":63,"column":4},"end":{"line":65,"column":5}},"type":"if","locations":[{"start":{"line":63,"column":4},"end":{"line":65,"column":5}},{"start":{},"end":{}}],"line":63},"12":{"loc":{"start":{"line":63,"column":8},"end":{"line":63,"column":37}},"type":"binary-expr","locations":[{"start":{"line":63,"column":8},"end":{"line":63,"column":18}},{"start":{"line":63,"column":22},"end":{"line":63,"column":37}}],"line":63},"13":{"loc":{"start":{"line":77,"column":4},"end":{"line":79,"column":5}},"type":"if","locations":[{"start":{"line":77,"column":4},"end":{"line":79,"column":5}},{"start":{},"end":{}}],"line":77},"14":{"loc":{"start":{"line":77,"column":8},"end":{"line":77,"column":37}},"type":"binary-expr","locations":[{"start":{"line":77,"column":8},"end":{"line":77,"column":18}},{"start":{"line":77,"column":22},"end":{"line":77,"column":37}}],"line":77}},"s":{"0":5,"1":19,"2":17,"3":19,"4":15,"5":15,"6":0,"7":4,"8":4,"9":0,"10":38,"11":19,"12":5,"13":15,"14":5,"15":5,"16":5,"17":5,"18":1,"19":1,"20":1,"21":1,"22":1,"23":0,"24":5,"25":6,"26":6,"27":6,"28":6,"29":3,"30":3,"31":6,"32":0,"33":0,"34":5,"35":2,"36":2,"37":2,"38":2,"39":2,"40":2,"41":0,"42":5,"43":5,"44":5,"45":5,"46":5,"47":2,"48":5,"49":0,"50":5,"51":5,"52":3,"53":2,"54":5,"55":5,"56":5,"57":5,"58":5,"59":0,"60":5,"61":5,"62":3,"63":2,"64":5},"f":{"0":19,"1":19,"2":17,"3":19,"4":15,"5":4,"6":38,"7":15,"8":1,"9":1,"10":6,"11":6,"12":2,"13":2,"14":5,"15":5,"16":5,"17":5},"b":{"0":[5,5,5],"1":[2,17],"2":[19,19],"3":[19,19],"4":[19,19],"5":[5,5,5],"6":[0,15],"7":[15,15],"8":[3,3],"9":[6,3],"10":[2,3],"11":[0,5],"12":[5,5],"13":[0,5],"14":[5,5]},"inputSourceMap":null,"_coverageSchema":"1a1c01bbd47fc00a2c39e90264f33305004495a9","hash":"660a3f2f0576a85ec7427ea20280a9830dd5444d"}
,"/Users/yoniifrah/Desktop/VScode/React-Native/collage/dist/src/controllers/student.js": {"path":"/Users/yoniifrah/Desktop/VScode/React-Native/collage/dist/src/controllers/student.js","statementMap":{"0":{"start":{"line":2,"column":16},"end":{"line":10,"column":1}},"1":{"start":{"line":3,"column":28},"end":{"line":3,"column":110}},"2":{"start":{"line":3,"column":91},"end":{"line":3,"column":106}},"3":{"start":{"line":4,"column":4},"end":{"line":9,"column":7}},"4":{"start":{"line":5,"column":36},"end":{"line":5,"column":97}},"5":{"start":{"line":5,"column":42},"end":{"line":5,"column":70}},"6":{"start":{"line":5,"column":85},"end":{"line":5,"column":95}},"7":{"start":{"line":6,"column":35},"end":{"line":6,"column":100}},"8":{"start":{"line":6,"column":41},"end":{"line":6,"column":73}},"9":{"start":{"line":6,"column":88},"end":{"line":6,"column":98}},"10":{"start":{"line":7,"column":32},"end":{"line":7,"column":116}},"11":{"start":{"line":8,"column":8},"end":{"line":8,"column":78}},"12":{"start":{"line":11,"column":22},"end":{"line":13,"column":1}},"13":{"start":{"line":12,"column":4},"end":{"line":12,"column":62}},"14":{"start":{"line":14,"column":18},"end":{"line":14,"column":36}},"15":{"start":{"line":15,"column":24},"end":{"line":15,"column":75}},"16":{"start":{"line":16,"column":18},"end":{"line":16,"column":48}},"17":{"start":{"line":17,"column":23},"end":{"line":27,"column":2}},"18":{"start":{"line":17,"column":37},"end":{"line":27,"column":2}},"19":{"start":{"line":18,"column":4},"end":{"line":18,"column":34}},"20":{"start":{"line":19,"column":4},"end":{"line":26,"column":5}},"21":{"start":{"line":20,"column":23},"end":{"line":20,"column":25}},"22":{"start":{"line":21,"column":8},"end":{"line":21,"column":56}},"23":{"start":{"line":22,"column":8},"end":{"line":22,"column":39}},"24":{"start":{"line":25,"column":8},"end":{"line":25,"column":71}},"25":{"start":{"line":28,"column":23},"end":{"line":47,"column":2}},"26":{"start":{"line":28,"column":37},"end":{"line":47,"column":2}},"27":{"start":{"line":29,"column":4},"end":{"line":29,"column":36}},"28":{"start":{"line":30,"column":4},"end":{"line":30,"column":31}},"29":{"start":{"line":31,"column":19},"end":{"line":31,"column":23}},"30":{"start":{"line":32,"column":4},"end":{"line":38,"column":5}},"31":{"start":{"line":33,"column":8},"end":{"line":33,"column":57}},"32":{"start":{"line":34,"column":8},"end":{"line":34,"column":30}},"33":{"start":{"line":37,"column":8},"end":{"line":37,"column":56}},"34":{"start":{"line":39,"column":4},"end":{"line":46,"column":5}},"35":{"start":{"line":40,"column":25},"end":{"line":40,"column":81}},"36":{"start":{"line":41,"column":8},"end":{"line":41,"column":39}},"37":{"start":{"line":44,"column":8},"end":{"line":44,"column":33}},"38":{"start":{"line":45,"column":8},"end":{"line":45,"column":71}},"39":{"start":{"line":48,"column":22},"end":{"line":64,"column":2}},"40":{"start":{"line":48,"column":36},"end":{"line":64,"column":2}},"41":{"start":{"line":49,"column":4},"end":{"line":49,"column":26}},"42":{"start":{"line":50,"column":20},"end":{"line":54,"column":6}},"43":{"start":{"line":55,"column":4},"end":{"line":63,"column":5}},"44":{"start":{"line":56,"column":27},"end":{"line":56,"column":47}},"45":{"start":{"line":57,"column":8},"end":{"line":57,"column":42}},"46":{"start":{"line":58,"column":8},"end":{"line":58,"column":41}},"47":{"start":{"line":61,"column":8},"end":{"line":61,"column":57}},"48":{"start":{"line":62,"column":8},"end":{"line":62,"column":72}},"49":{"start":{"line":65,"column":27},"end":{"line":76,"column":2}},"50":{"start":{"line":65,"column":41},"end":{"line":76,"column":2}},"51":{"start":{"line":66,"column":4},"end":{"line":66,"column":40}},"52":{"start":{"line":67,"column":18},"end":{"line":67,"column":34}},"53":{"start":{"line":68,"column":4},"end":{"line":75,"column":5}},"54":{"start":{"line":69,"column":32},"end":{"line":69,"column":84}},"55":{"start":{"line":70,"column":8},"end":{"line":70,"column":58}},"56":{"start":{"line":71,"column":8},"end":{"line":71,"column":46}},"57":{"start":{"line":74,"column":8},"end":{"line":74,"column":80}},"58":{"start":{"line":77,"column":19},"end":{"line":88,"column":2}},"59":{"start":{"line":77,"column":33},"end":{"line":88,"column":2}},"60":{"start":{"line":78,"column":4},"end":{"line":78,"column":32}},"61":{"start":{"line":79,"column":4},"end":{"line":79,"column":31}},"62":{"start":{"line":80,"column":21},"end":{"line":80,"column":63}},"63":{"start":{"line":81,"column":4},"end":{"line":87,"column":5}},"64":{"start":{"line":82,"column":20},"end":{"line":82,"column":86}},"65":{"start":{"line":83,"column":8},"end":{"line":83,"column":34}},"66":{"start":{"line":86,"column":8},"end":{"line":86,"column":79}},"67":{"start":{"line":89,"column":16},"end":{"line":108,"column":2}},"68":{"start":{"line":89,"column":30},"end":{"line":108,"column":2}},"69":{"start":{"line":90,"column":4},"end":{"line":90,"column":32}},"70":{"start":{"line":91,"column":4},"end":{"line":91,"column":31}},"71":{"start":{"line":92,"column":17},"end":{"line":92,"column":30}},"72":{"start":{"line":93,"column":4},"end":{"line":93,"column":33}},"73":{"start":{"line":94,"column":21},"end":{"line":94,"column":63}},"74":{"start":{"line":95,"column":4},"end":{"line":107,"column":5}},"75":{"start":{"line":96,"column":23},"end":{"line":96,"column":107}},"76":{"start":{"line":97,"column":8},"end":{"line":97,"column":67}},"77":{"start":{"line":98,"column":24},"end":{"line":98,"column":80}},"78":{"start":{"line":99,"column":8},"end":{"line":101,"column":9}},"79":{"start":{"line":100,"column":12},"end":{"line":100,"column":40}},"80":{"start":{"line":102,"column":8},"end":{"line":102,"column":38}},"81":{"start":{"line":105,"column":8},"end":{"line":105,"column":33}},"82":{"start":{"line":106,"column":8},"end":{"line":106,"column":82}},"83":{"start":{"line":109,"column":0},"end":{"line":109,"column":108}}},"fnMap":{"0":{"name":"(anonymous_0)","decl":{"start":{"line":2,"column":44},"end":{"line":2,"column":45}},"loc":{"start":{"line":2,"column":89},"end":{"line":10,"column":1}},"line":2},"1":{"name":"adopt","decl":{"start":{"line":3,"column":13},"end":{"line":3,"column":18}},"loc":{"start":{"line":3,"column":26},"end":{"line":3,"column":112}},"line":3},"2":{"name":"(anonymous_2)","decl":{"start":{"line":3,"column":70},"end":{"line":3,"column":71}},"loc":{"start":{"line":3,"column":89},"end":{"line":3,"column":108}},"line":3},"3":{"name":"(anonymous_3)","decl":{"start":{"line":4,"column":36},"end":{"line":4,"column":37}},"loc":{"start":{"line":4,"column":63},"end":{"line":9,"column":5}},"line":4},"4":{"name":"fulfilled","decl":{"start":{"line":5,"column":17},"end":{"line":5,"column":26}},"loc":{"start":{"line":5,"column":34},"end":{"line":5,"column":99}},"line":5},"5":{"name":"rejected","decl":{"start":{"line":6,"column":17},"end":{"line":6,"column":25}},"loc":{"start":{"line":6,"column":33},"end":{"line":6,"column":102}},"line":6},"6":{"name":"step","decl":{"start":{"line":7,"column":17},"end":{"line":7,"column":21}},"loc":{"start":{"line":7,"column":30},"end":{"line":7,"column":118}},"line":7},"7":{"name":"(anonymous_7)","decl":{"start":{"line":11,"column":56},"end":{"line":11,"column":57}},"loc":{"start":{"line":11,"column":71},"end":{"line":13,"column":1}},"line":11},"8":{"name":"(anonymous_8)","decl":{"start":{"line":17,"column":23},"end":{"line":17,"column":24}},"loc":{"start":{"line":17,"column":37},"end":{"line":27,"column":2}},"line":17},"9":{"name":"(anonymous_9)","decl":{"start":{"line":17,"column":71},"end":{"line":17,"column":72}},"loc":{"start":{"line":17,"column":84},"end":{"line":27,"column":1}},"line":17},"10":{"name":"(anonymous_10)","decl":{"start":{"line":28,"column":23},"end":{"line":28,"column":24}},"loc":{"start":{"line":28,"column":37},"end":{"line":47,"column":2}},"line":28},"11":{"name":"(anonymous_11)","decl":{"start":{"line":28,"column":71},"end":{"line":28,"column":72}},"loc":{"start":{"line":28,"column":84},"end":{"line":47,"column":1}},"line":28},"12":{"name":"(anonymous_12)","decl":{"start":{"line":48,"column":22},"end":{"line":48,"column":23}},"loc":{"start":{"line":48,"column":36},"end":{"line":64,"column":2}},"line":48},"13":{"name":"(anonymous_13)","decl":{"start":{"line":48,"column":70},"end":{"line":48,"column":71}},"loc":{"start":{"line":48,"column":83},"end":{"line":64,"column":1}},"line":48},"14":{"name":"(anonymous_14)","decl":{"start":{"line":65,"column":27},"end":{"line":65,"column":28}},"loc":{"start":{"line":65,"column":41},"end":{"line":76,"column":2}},"line":65},"15":{"name":"(anonymous_15)","decl":{"start":{"line":65,"column":75},"end":{"line":65,"column":76}},"loc":{"start":{"line":65,"column":88},"end":{"line":76,"column":1}},"line":65},"16":{"name":"(anonymous_16)","decl":{"start":{"line":77,"column":19},"end":{"line":77,"column":20}},"loc":{"start":{"line":77,"column":33},"end":{"line":88,"column":2}},"line":77},"17":{"name":"(anonymous_17)","decl":{"start":{"line":77,"column":67},"end":{"line":77,"column":68}},"loc":{"start":{"line":77,"column":80},"end":{"line":88,"column":1}},"line":77},"18":{"name":"(anonymous_18)","decl":{"start":{"line":89,"column":16},"end":{"line":89,"column":17}},"loc":{"start":{"line":89,"column":30},"end":{"line":108,"column":2}},"line":89},"19":{"name":"(anonymous_19)","decl":{"start":{"line":89,"column":64},"end":{"line":89,"column":65}},"loc":{"start":{"line":89,"column":77},"end":{"line":108,"column":1}},"line":89}},"branchMap":{"0":{"loc":{"start":{"line":2,"column":16},"end":{"line":10,"column":1}},"type":"binary-expr","locations":[{"start":{"line":2,"column":17},"end":{"line":2,"column":21}},{"start":{"line":2,"column":25},"end":{"line":2,"column":39}},{"start":{"line":2,"column":44},"end":{"line":10,"column":1}}],"line":2},"1":{"loc":{"start":{"line":3,"column":35},"end":{"line":3,"column":109}},"type":"cond-expr","locations":[{"start":{"line":3,"column":56},"end":{"line":3,"column":61}},{"start":{"line":3,"column":64},"end":{"line":3,"column":109}}],"line":3},"2":{"loc":{"start":{"line":4,"column":16},"end":{"line":4,"column":34}},"type":"binary-expr","locations":[{"start":{"line":4,"column":16},"end":{"line":4,"column":17}},{"start":{"line":4,"column":22},"end":{"line":4,"column":33}}],"line":4},"3":{"loc":{"start":{"line":7,"column":32},"end":{"line":7,"column":115}},"type":"cond-expr","locations":[{"start":{"line":7,"column":46},"end":{"line":7,"column":67}},{"start":{"line":7,"column":70},"end":{"line":7,"column":115}}],"line":7},"4":{"loc":{"start":{"line":8,"column":51},"end":{"line":8,"column":67}},"type":"binary-expr","locations":[{"start":{"line":8,"column":51},"end":{"line":8,"column":61}},{"start":{"line":8,"column":65},"end":{"line":8,"column":67}}],"line":8},"5":{"loc":{"start":{"line":11,"column":22},"end":{"line":13,"column":1}},"type":"binary-expr","locations":[{"start":{"line":11,"column":23},"end":{"line":11,"column":27}},{"start":{"line":11,"column":31},"end":{"line":11,"column":51}},{"start":{"line":11,"column":56},"end":{"line":13,"column":1}}],"line":11},"6":{"loc":{"start":{"line":12,"column":11},"end":{"line":12,"column":61}},"type":"cond-expr","locations":[{"start":{"line":12,"column":37},"end":{"line":12,"column":40}},{"start":{"line":12,"column":43},"end":{"line":12,"column":61}}],"line":12},"7":{"loc":{"start":{"line":12,"column":12},"end":{"line":12,"column":33}},"type":"binary-expr","locations":[{"start":{"line":12,"column":12},"end":{"line":12,"column":15}},{"start":{"line":12,"column":19},"end":{"line":12,"column":33}}],"line":12},"8":{"loc":{"start":{"line":99,"column":8},"end":{"line":101,"column":9}},"type":"if","locations":[{"start":{"line":99,"column":8},"end":{"line":101,"column":9}},{"start":{},"end":{}}],"line":99}},"s":{"0":5,"1":9,"2":6,"3":8,"4":9,"5":9,"6":0,"7":0,"8":0,"9":0,"10":17,"11":8,"12":5,"13":5,"14":5,"15":5,"16":5,"17":5,"18":1,"19":1,"20":1,"21":1,"22":1,"23":1,"24":0,"25":5,"26":1,"27":1,"28":1,"29":1,"30":1,"31":1,"32":1,"33":0,"34":1,"35":1,"36":1,"37":0,"38":0,"39":5,"40":3,"41":3,"42":3,"43":3,"44":3,"45":3,"46":3,"47":0,"48":0,"49":5,"50":1,"51":1,"52":1,"53":1,"54":1,"55":1,"56":1,"57":0,"58":5,"59":1,"60":1,"61":1,"62":1,"63":1,"64":1,"65":1,"66":0,"67":5,"68":1,"69":1,"70":1,"71":1,"72":1,"73":1,"74":1,"75":1,"76":1,"77":1,"78":1,"79":1,"80":1,"81":0,"82":0,"83":5},"f":{"0":8,"1":9,"2":6,"3":8,"4":9,"5":0,"6":17,"7":5,"8":1,"9":1,"10":1,"11":1,"12":3,"13":3,"14":1,"15":1,"16":1,"17":1,"18":1,"19":1},"b":{"0":[5,5,5],"1":[3,6],"2":[8,8],"3":[8,9],"4":[8,8],"5":[5,5,5],"6":[0,5],"7":[5,5],"8":[1,0]},"inputSourceMap":null,"_coverageSchema":"1a1c01bbd47fc00a2c39e90264f33305004495a9","hash":"b089ad4aea44b57ca1b5f26a1fdf72b6c6cdf5f2"}
,"/Users/yoniifrah/Desktop/VScode/React-Native/collage/dist/src/models/message_model.js": {"path":"/Users/yoniifrah/Desktop/VScode/React-Native/collage/dist/src/models/message_model.js","statementMap":{"0":{"start":{"line":2,"column":22},"end":{"line":4,"column":1}},"1":{"start":{"line":3,"column":4},"end":{"line":3,"column":62}},"2":{"start":{"line":5,"column":19},"end":{"line":5,"column":55}},"3":{"start":{"line":6,"column":22},"end":{"line":19,"column":2}},"4":{"start":{"line":20,"column":0},"end":{"line":20,"column":68}}},"fnMap":{"0":{"name":"(anonymous_0)","decl":{"start":{"line":2,"column":56},"end":{"line":2,"column":57}},"loc":{"start":{"line":2,"column":71},"end":{"line":4,"column":1}},"line":2}},"branchMap":{"0":{"loc":{"start":{"line":2,"column":22},"end":{"line":4,"column":1}},"type":"binary-expr","locations":[{"start":{"line":2,"column":23},"end":{"line":2,"column":27}},{"start":{"line":2,"column":31},"end":{"line":2,"column":51}},{"start":{"line":2,"column":56},"end":{"line":4,"column":1}}],"line":2},"1":{"loc":{"start":{"line":3,"column":11},"end":{"line":3,"column":61}},"type":"cond-expr","locations":[{"start":{"line":3,"column":37},"end":{"line":3,"column":40}},{"start":{"line":3,"column":43},"end":{"line":3,"column":61}}],"line":3},"2":{"loc":{"start":{"line":3,"column":12},"end":{"line":3,"column":33}},"type":"binary-expr","locations":[{"start":{"line":3,"column":12},"end":{"line":3,"column":15}},{"start":{"line":3,"column":19},"end":{"line":3,"column":33}}],"line":3}},"s":{"0":1,"1":1,"2":1,"3":1,"4":1},"f":{"0":1},"b":{"0":[1,1,1],"1":[0,1],"2":[1,1]},"inputSourceMap":null,"_coverageSchema":"1a1c01bbd47fc00a2c39e90264f33305004495a9","hash":"7bea2e3fee9b43baa84b43dd5dad15f35732ef01"}
,"/Users/yoniifrah/Desktop/VScode/React-Native/collage/dist/src/models/post_model.js": {"path":"/Users/yoniifrah/Desktop/VScode/React-Native/collage/dist/src/models/post_model.js","statementMap":{"0":{"start":{"line":2,"column":22},"end":{"line":4,"column":1}},"1":{"start":{"line":3,"column":4},"end":{"line":3,"column":62}},"2":{"start":{"line":5,"column":19},"end":{"line":5,"column":55}},"3":{"start":{"line":6,"column":19},"end":{"line":15,"column":2}},"4":{"start":{"line":16,"column":0},"end":{"line":16,"column":62}}},"fnMap":{"0":{"name":"(anonymous_0)","decl":{"start":{"line":2,"column":56},"end":{"line":2,"column":57}},"loc":{"start":{"line":2,"column":71},"end":{"line":4,"column":1}},"line":2}},"branchMap":{"0":{"loc":{"start":{"line":2,"column":22},"end":{"line":4,"column":1}},"type":"binary-expr","locations":[{"start":{"line":2,"column":23},"end":{"line":2,"column":27}},{"start":{"line":2,"column":31},"end":{"line":2,"column":51}},{"start":{"line":2,"column":56},"end":{"line":4,"column":1}}],"line":2},"1":{"loc":{"start":{"line":3,"column":11},"end":{"line":3,"column":61}},"type":"cond-expr","locations":[{"start":{"line":3,"column":37},"end":{"line":3,"column":40}},{"start":{"line":3,"column":43},"end":{"line":3,"column":61}}],"line":3},"2":{"loc":{"start":{"line":3,"column":12},"end":{"line":3,"column":33}},"type":"binary-expr","locations":[{"start":{"line":3,"column":12},"end":{"line":3,"column":15}},{"start":{"line":3,"column":19},"end":{"line":3,"column":33}}],"line":3}},"s":{"0":5,"1":5,"2":5,"3":5,"4":5},"f":{"0":5},"b":{"0":[5,5,5],"1":[0,5],"2":[5,5]},"inputSourceMap":null,"_coverageSchema":"1a1c01bbd47fc00a2c39e90264f33305004495a9","hash":"b2d139c8a7efca530f9b7d98c6b658dccf23c98b"}
,"/Users/yoniifrah/Desktop/VScode/React-Native/collage/dist/src/models/student_model.js": {"path":"/Users/yoniifrah/Desktop/VScode/React-Native/collage/dist/src/models/student_model.js","statementMap":{"0":{"start":{"line":2,"column":22},"end":{"line":4,"column":1}},"1":{"start":{"line":3,"column":4},"end":{"line":3,"column":62}},"2":{"start":{"line":5,"column":19},"end":{"line":5,"column":55}},"3":{"start":{"line":6,"column":22},"end":{"line":22,"column":2}},"4":{"start":{"line":23,"column":0},"end":{"line":23,"column":68}}},"fnMap":{"0":{"name":"(anonymous_0)","decl":{"start":{"line":2,"column":56},"end":{"line":2,"column":57}},"loc":{"start":{"line":2,"column":71},"end":{"line":4,"column":1}},"line":2}},"branchMap":{"0":{"loc":{"start":{"line":2,"column":22},"end":{"line":4,"column":1}},"type":"binary-expr","locations":[{"start":{"line":2,"column":23},"end":{"line":2,"column":27}},{"start":{"line":2,"column":31},"end":{"line":2,"column":51}},{"start":{"line":2,"column":56},"end":{"line":4,"column":1}}],"line":2},"1":{"loc":{"start":{"line":3,"column":11},"end":{"line":3,"column":61}},"type":"cond-expr","locations":[{"start":{"line":3,"column":37},"end":{"line":3,"column":40}},{"start":{"line":3,"column":43},"end":{"line":3,"column":61}}],"line":3},"2":{"loc":{"start":{"line":3,"column":12},"end":{"line":3,"column":33}},"type":"binary-expr","locations":[{"start":{"line":3,"column":12},"end":{"line":3,"column":15}},{"start":{"line":3,"column":19},"end":{"line":3,"column":33}}],"line":3}},"s":{"0":5,"1":5,"2":5,"3":5,"4":5},"f":{"0":5},"b":{"0":[5,5,5],"1":[0,5],"2":[5,5]},"inputSourceMap":null,"_coverageSchema":"1a1c01bbd47fc00a2c39e90264f33305004495a9","hash":"4c196133908d66ca3bdfadf2851847dcd7691156"}
,"/Users/yoniifrah/Desktop/VScode/React-Native/collage/dist/src/models/user_model.js": {"path":"/Users/yoniifrah/Desktop/VScode/React-Native/collage/dist/src/models/user_model.js","statementMap":{"0":{"start":{"line":2,"column":22},"end":{"line":4,"column":1}},"1":{"start":{"line":3,"column":4},"end":{"line":3,"column":62}},"2":{"start":{"line":5,"column":19},"end":{"line":5,"column":55}},"3":{"start":{"line":6,"column":19},"end":{"line":22,"column":2}},"4":{"start":{"line":23,"column":0},"end":{"line":23,"column":62}}},"fnMap":{"0":{"name":"(anonymous_0)","decl":{"start":{"line":2,"column":56},"end":{"line":2,"column":57}},"loc":{"start":{"line":2,"column":71},"end":{"line":4,"column":1}},"line":2}},"branchMap":{"0":{"loc":{"start":{"line":2,"column":22},"end":{"line":4,"column":1}},"type":"binary-expr","locations":[{"start":{"line":2,"column":23},"end":{"line":2,"column":27}},{"start":{"line":2,"column":31},"end":{"line":2,"column":51}},{"start":{"line":2,"column":56},"end":{"line":4,"column":1}}],"line":2},"1":{"loc":{"start":{"line":3,"column":11},"end":{"line":3,"column":61}},"type":"cond-expr","locations":[{"start":{"line":3,"column":37},"end":{"line":3,"column":40}},{"start":{"line":3,"column":43},"end":{"line":3,"column":61}}],"line":3},"2":{"loc":{"start":{"line":3,"column":12},"end":{"line":3,"column":33}},"type":"binary-expr","locations":[{"start":{"line":3,"column":12},"end":{"line":3,"column":15}},{"start":{"line":3,"column":19},"end":{"line":3,"column":33}}],"line":3}},"s":{"0":5,"1":5,"2":5,"3":5,"4":5},"f":{"0":5},"b":{"0":[5,5,5],"1":[0,5],"2":[5,5]},"inputSourceMap":null,"_coverageSchema":"1a1c01bbd47fc00a2c39e90264f33305004495a9","hash":"5ffe1a9752e873102ef5fb0ff81d629561c26d15"}
,"/Users/yoniifrah/Desktop/VScode/React-Native/collage/dist/src/routes/auth_route.js": {"path":"/Users/yoniifrah/Desktop/VScode/React-Native/collage/dist/src/routes/auth_route.js","statementMap":{"0":{"start":{"line":2,"column":22},"end":{"line":4,"column":1}},"1":{"start":{"line":3,"column":4},"end":{"line":3,"column":62}},"2":{"start":{"line":5,"column":18},"end":{"line":5,"column":53}},"3":{"start":{"line":6,"column":15},"end":{"line":6,"column":62}},"4":{"start":{"line":7,"column":15},"end":{"line":7,"column":41}},"5":{"start":{"line":72,"column":0},"end":{"line":72,"column":50}},"6":{"start":{"line":102,"column":0},"end":{"line":102,"column":44}},"7":{"start":{"line":128,"column":0},"end":{"line":128,"column":47}},"8":{"start":{"line":142,"column":0},"end":{"line":142,"column":45}},"9":{"start":{"line":143,"column":0},"end":{"line":143,"column":53}},"10":{"start":{"line":144,"column":0},"end":{"line":144,"column":24}}},"fnMap":{"0":{"name":"(anonymous_0)","decl":{"start":{"line":2,"column":56},"end":{"line":2,"column":57}},"loc":{"start":{"line":2,"column":71},"end":{"line":4,"column":1}},"line":2}},"branchMap":{"0":{"loc":{"start":{"line":2,"column":22},"end":{"line":4,"column":1}},"type":"binary-expr","locations":[{"start":{"line":2,"column":23},"end":{"line":2,"column":27}},{"start":{"line":2,"column":31},"end":{"line":2,"column":51}},{"start":{"line":2,"column":56},"end":{"line":4,"column":1}}],"line":2},"1":{"loc":{"start":{"line":3,"column":11},"end":{"line":3,"column":61}},"type":"cond-expr","locations":[{"start":{"line":3,"column":37},"end":{"line":3,"column":40}},{"start":{"line":3,"column":43},"end":{"line":3,"column":61}}],"line":3},"2":{"loc":{"start":{"line":3,"column":12},"end":{"line":3,"column":33}},"type":"binary-expr","locations":[{"start":{"line":3,"column":12},"end":{"line":3,"column":15}},{"start":{"line":3,"column":19},"end":{"line":3,"column":33}}],"line":3}},"s":{"0":5,"1":10,"2":5,"3":5,"4":5,"5":5,"6":5,"7":5,"8":5,"9":5,"10":5},"f":{"0":10},"b":{"0":[5,5,5],"1":[0,10],"2":[10,10]},"inputSourceMap":null,"_coverageSchema":"1a1c01bbd47fc00a2c39e90264f33305004495a9","hash":"5cb5efe51110b446b2ed05f6f14c24db895c4d00"}
,"/Users/yoniifrah/Desktop/VScode/React-Native/collage/dist/src/routes/file_route.js": {"path":"/Users/yoniifrah/Desktop/VScode/React-Native/collage/dist/src/routes/file_route.js","statementMap":{"0":{"start":{"line":8,"column":16},"end":{"line":16,"column":1}},"1":{"start":{"line":9,"column":28},"end":{"line":9,"column":110}},"2":{"start":{"line":9,"column":91},"end":{"line":9,"column":106}},"3":{"start":{"line":10,"column":4},"end":{"line":15,"column":7}},"4":{"start":{"line":11,"column":36},"end":{"line":11,"column":97}},"5":{"start":{"line":11,"column":42},"end":{"line":11,"column":70}},"6":{"start":{"line":11,"column":85},"end":{"line":11,"column":95}},"7":{"start":{"line":12,"column":35},"end":{"line":12,"column":100}},"8":{"start":{"line":12,"column":41},"end":{"line":12,"column":73}},"9":{"start":{"line":12,"column":88},"end":{"line":12,"column":98}},"10":{"start":{"line":13,"column":32},"end":{"line":13,"column":116}},"11":{"start":{"line":14,"column":8},"end":{"line":14,"column":78}},"12":{"start":{"line":17,"column":22},"end":{"line":19,"column":1}},"13":{"start":{"line":18,"column":4},"end":{"line":18,"column":62}},"14":{"start":{"line":20,"column":18},"end":{"line":20,"column":53}},"15":{"start":{"line":21,"column":18},"end":{"line":21,"column":48}},"16":{"start":{"line":22,"column":15},"end":{"line":22,"column":41}},"17":{"start":{"line":23,"column":17},"end":{"line":23,"column":51}},"18":{"start":{"line":25,"column":13},"end":{"line":25,"column":41}},"19":{"start":{"line":27,"column":16},"end":{"line":36,"column":2}},"20":{"start":{"line":29,"column":8},"end":{"line":29,"column":29}},"21":{"start":{"line":32,"column":8},"end":{"line":32,"column":47}},"22":{"start":{"line":33,"column":21},"end":{"line":33,"column":182}},"23":{"start":{"line":34,"column":8},"end":{"line":34,"column":32}},"24":{"start":{"line":37,"column":15},"end":{"line":37,"column":58}},"25":{"start":{"line":38,"column":0},"end":{"line":41,"column":3}},"26":{"start":{"line":39,"column":4},"end":{"line":39,"column":68}},"27":{"start":{"line":40,"column":4},"end":{"line":40,"column":62}},"28":{"start":{"line":42,"column":21},"end":{"line":42,"column":69}},"29":{"start":{"line":43,"column":0},"end":{"line":64,"column":3}},"30":{"start":{"line":44,"column":4},"end":{"line":63,"column":7}},"31":{"start":{"line":46,"column":22},"end":{"line":46,"column":38}},"32":{"start":{"line":47,"column":23},"end":{"line":47,"column":38}},"33":{"start":{"line":48,"column":8},"end":{"line":48,"column":35}},"34":{"start":{"line":49,"column":8},"end":{"line":62,"column":9}},"35":{"start":{"line":50,"
[...]
,"/Users/yoniifrah/Desktop/VScode/React-Native/collage/dist/src/socket/chatHandler.js": {"path":"/Users/yoniifrah/Desktop/VScode/React-Native/collage/dist/src/socket/chatHandler.js","statementMap":{"0":{"start":{"line":2,"column":16},"end":{"line":10,"column":1}},"1":{"start":{"line":3,"column":28},"end":{"line":3,"column":110}},"2":{"start":{"line":3,"column":91},"end":{"line":3,"column":106}},"3":{"start":{"line":4,"column":4},"end":{"line":9,"column":7}},"4":{"start":{"line":5,"column":36},"end":{"line":5,"column":97}},"5":{"start":{"line":5,"column":42},"end":{"line":5,"column":70}},"6":{"start":{"line":5,"column":85},"end":{"line":5,"column":95}},"7":{"start":{"line":6,"column":35},"end":{"line":6,"column":100}},"8":{"start":{"line":6,"column":41},"end":{"line":6,"column":73}},"9":{"start":{"line":6,"column":88},"end":{"line":6,"column":98}},"10":{"start":{"line":7,"column":32},"end":{"line":7,"column":116}},"11":{"start":{"line":8,"column":8},"end":{"line":8,"column":78}},"12":{"start":{"line":11,"column":22},"end":{"line":13,"column":1}},"13":{"start":{"line":12,"column":4},"end":{"line":12,"column":62}},"14":{"start":{"line":14,"column":24},"end":{"line":14,"column":75}},"15":{"start":{"line":15,"column":0},"end":{"line":51,"column":2}},"16":{"start":{"line":18,"column":24},"end":{"line":34,"column":6}},"17":{"start":{"line":18,"column":37},"end":{"line":34,"column":6}},"18":{"start":{"line":19,"column":24},"end":{"line":23,"column":10}},"19":{"start":{"line":24,"column":8},"end":{"line":33,"column":9}},"20":{"start":{"line":25,"column":31},"end":{"line":25,"column":51}},"21":{"start":{"line":26,"column":12},"end":{"line":26,"column":67}},"22":{"start":{"line":27,"column":12},"end":{"line":29,"column":15}},"23":{"start":{"line":32,"column":12},"end":{"line":32,"column":60}},"24":{"start":{"line":35,"column":30},"end":{"line":47,"column":6}},"25":{"start":{"line":35,"column":43},"end":{"line":47,"column":6}},"26":{"start":{"line":36,"column":8},"end":{"line":36,"column":47}},"27":{"start":{"line":37,"column":23},"end":{"line":37,"column":25}},"28":{"start":{"line":38,"column":8},"end":{"line":46,"column":9}},"29":{"start":{"line":39,"column":35},"end":{"line":39,"column":97}},"30":{"start":{"line":40,"column":37},"end":{"line":40,"column":100}},"31":{"start":{"line":41,"column":12},"end":{"line":41,"column":63}},"32":{"start":{"line":42,"column":12},"end":{"line":42,"column":82}},"33":{"start":{"line":45,"column":12},"end":{"line":45,"column":75}},"34":{"start":{"line":48,"column":4},"end":{"line":48,"column":42}},"35":{"start":{"line":49,"column":4},"end":{"line":49,"column":48}},"36":{"start":{"line":50,"column":4},"end":{"line":50,"column":64}}},"fnMap":{"0":{"name":"(anonymous_0)","decl":{"start":{"line":2,"column":44},"end":{"line":2,"column":45}},"loc":{"start":{"line":2,"column":89},"end":{"line":10,"column":1}},"line":2},"1":{"name":"adopt","decl":{"start":{"line":3,"column":13},"end":{"line":3,"column":18}},"loc":{"start":{"line":3,"column":26},"end":{"line":3,"column":112}},"line":3},"2":{"name":"(anonymous_2)","decl":{"start":{"line":3,"column":70},"end":{"line":3,"column":71}},"loc":{"start":{"line":3,"column":89},"end":{"line":3,"column":108}},"line":3},"3":{"name":"(anonymous_3)","decl":{"start":{"line":4,"column":36},"end":{"line":4,"column":37}},"loc":{"start":{"line":4,"column":63},"end":{"line":9,"column":5}},"line":4},"4":{"name":"fulfilled","decl":{"start":{"line":5,"column":17},"end":{"line":5,"column":26}},"loc":{"start":{"line":5,"column":34},"end":{"line":5,"column":99}},"line":5},"5":{"name":"rejected","decl":{"start":{"line":6,"column":17},"end":{"line":6,"column":25}},"loc":{"start":{"line":6,"column":33},"end":{"line":6,"column":102}},"line":6},"6":{"name":"step","decl":{"start":{"line":7,"column":17},"end":{"line":7,"column":21}},"loc":{"start":{"line":7,"column":30},"end":{"line":7,"column":118}},"line":7},"7":{"name":"(anonymous_7)","decl":{"start":{"line":11,"column":56},"end":{"line":11,"column":57}},"loc":{"start":{"line":11,"column":71},"end":{"line":13,"column":1}},"line":11},"8":{"name":"(anonymous_8)","decl":{"start":{"line":15,"column":17},"end":{"line":15,"column":18}},"loc":{"start":{"line":15,"column":33},"end":{"line":51,"column":1}},"line":15},"9":{"name":"(anonymous_9)","decl":{"start":{"line":18,"column":24},"end":{"line":18,"column":25}},"loc":{"start":{"line":18,"column":37},"end":{"line":34,"column":6}},"line":18},"10":{"name":"(anonymous_10)","decl":{"start":{"line":18,"column":71},"end":{"line":18,"column":72}},"loc":{"start":{"line":18,"column":84},"end":{"line":34,"column":5}},"line":18},"11":{"name":"(anonymous_11)","decl":{"start":{"line":35,"column":30},"end":{"line":35,"column":31}},"loc":{"start":{"line":35,"column":43},"end":{"line":47,"column":6}},"line":35},"12":{"name":"(anonymous_12)","decl":{"start":{"line":35,"column":77},"end":{"line":35,"column":78}},"loc":{"start":{"line":35,"column":90},"end":{"line":47,"column":5}},"line":35}},"branchMap":{"0":{"loc":{"start":{"line":2,"column":16},"end":{"line":10,"column":1}},"type":"binary-expr","locations":[{"start":{"line":2,"column":17},"end":{"line":2,"column":21}},{"start":{"line":2,"column":25},"end":{"line":2,"column":39}},{"start":{"line":2,"column":44},"end":{"line":10,"column":1}}],"line":2},"1":{"loc":{"start":{"line":3,"column":35},"end":{"line":3,"column":109}},"type":"cond-expr","locations":[{"start":{"line":3,"column":56},"end":{"line":3,"column":61}},{"start":{"line":3,"column":64},"end":{"line":3,"column":109}}],"line":3},"2":{"loc":{"start":{"line":4,"column":16},"end":{"line":4,"column":34}},"type":"binary-expr","locations":[{"start":{"line":4,"column":16},"end":{"line":4,"column":17}},{"start":{"line":4,"column":22},"end":{"line":4,"column":33}}],"line":4},"3":{"loc":{"start":{"line":7,"column":32},"end":{"line":7,"column":115}},"type":"cond-expr","locations":[{"start":{"line":7,"column":46},"end":{"line":7,"column":67}},{"start":{"line":7,"column":70},"end":{"line":7,"column":115}}],"line":7},"4":{"loc":{"start":{"line":8,"column":51},"end":{"line":8,"column":67}},"type":"binary-expr","locations":[{"start":{"line":8,"column":51},"end":{"line":8,"column":61}},{"start":{"line":8,"column":65},"end":{"line":8,"column":67}}],"line":8},"5":{"loc":{"start":{"line":11,"column":22},"end":{"line":13,"column":1}},"type":"binary-expr","locations":[{"start":{"line":11,"column":23},"end":{"line":11,"column":27}},{"start":{"line":11,"column":31},"end":{"line":11,"column":51}},{"start":{"line":11,"column":56},"end":{"line":13,"column":1}}],"line":11},"6":{"loc":{"start":{"line":12,"column":11},"end":{"line":12,"column":61}},"type":"cond-expr","locations":[{"start":{"line":12,"column":37},"end":{"line":12,"column":40}},{"start":{"line":12,"column":43},"end":{"line":12,"column":61}}],"line":12},"7":{"loc":{"start":{"line":12,"column":12},"end":{"line":12,"column":33}},"type":"binary-expr","locations":[{"start":{"line":12,"column":12},"end":{"line":12,"column":15}},{"start":{"line":12,"column":19},"end":{"line":12,"column":33}}],"line":12}},"s":{"0":1,"1":3,"2":2,"3":2,"4":3,"5":3,"6":0,"7":0,"8":0,"9":0,"10":5,"11":2,"12":1,"13":1,"14":1,"15":1,"16":2,"17":1,"18":1,"19":1,"20":1,"21":1,"22":1,"23":0,"24":2,"25":1,"26":1,"27":1,"28":1,"29":1,"30":1,"31":1,"32":1,"33":0,"34":2,"35":2,"36":2},"f":{"0":2,"1":3,"2":2,"3":2,"4":3,"5":0,"6":5,"7":1,"8":2,"9":1,"10":1,"11":1,"12":1},"b":{"0":[1,1,1],"1":[1,2],"2":[2,2],"3":[2,3],"4":[2,2],"5":[1,1,1],"6":[0,1],"7":[1,1]},"inputSourceMap":null,"_coverageSchema":"1a1c01bbd47fc00a2c39e90264f33305004495a9","hash":"eda6632514f8b2574f2cfdda2d61fbdd592b88e8"}
,"/Users/yoniifrah/Desktop/VScode/React-Native/collage/dist/src/socket/echoHandler.js": {"path":"/Users/yoniifrah/Desktop/VScode/React-Native/collage/dist/src/socket/echoHandler.js","statementMap":{"0":{"start":{"line":2,"column":0},"end":{"line":13,"column":2}},"1":{"start":{"line":3,"column":24},"end":{"line":6,"column":5}},"2":{"start":{"line":4,"column":8},"end":{"line":4,"column":55}},"3":{"start":{"line":5,"column":8},"end":{"line":5,"column":46}},"4":{"start":{"line":7,"column":24},"end":{"line":9,"column":5}},"5":{"start":{"line":10,"column":4},"end":{"line":10,"column":42}},"6":{"start":{"line":11,"column":4},"end":{"line":11,"column":40}},"7":{"start":{"line":12,"column":4},"end":{"line":12,"column":40}}},"fnMap":{"0":{"name":"(anonymous_0)","decl":{"start":{"line":2,"column":17},"end":{"line":2,"column":18}},"loc":{"start":{"line":2,"column":33},"end":{"line":13,"column":1}},"line":2},"1":{"name":"(anonymous_1)","decl":{"start":{"line":3,"column":24},"end":{"line":3,"column":25}},"loc":{"start":{"line":3,"column":37},"end":{"line":6,"column":5}},"line":3},"2":{"name":"(anonymous_2)","decl":{"start":{"line":7,"column":24},"end":{"line":7,"column":25}},"loc":{"start":{"line":7,"column":37},"end":{"line":9,"column":5}},"line":7}},"branchMap":{},"s":{"0":1,"1":2,"2":1,"3":1,"4":2,"5":2,"6":2,"7":2},"f":{"0":2,"1":1,"2":0},"b":{},"inputSourceMap":null,"_coverageSchema":"1a1c01bbd47fc00a2c39e90264f33305004495a9","hash":"d3792e42709ca5d3e79e074ee89a62790e422f79"}
,"/Users/yoniifrah/Desktop/VScode/React-Native/collage/dist/src/socket/postHandler.js": {"path":"/Users/yoniifrah/Desktop/VScode/React-Native/collage/dist/src/socket/postHandler.js","statementMap":{"0":{"start":{"line":2,"column":16},"end":{"line":10,"column":1}},"1":{"start":{"line":3,"column":28},"end":{"line":3,"column":110}},"2":{"start":{"line":3,"column":91},"end":{"line":3,"column":106}},"3":{"start":{"line":4,"column":4},"end":{"line":9,"column":7}},"4":{"start":{"line":5,"column":36},"end":{"line":5,"column":97}},"5":{"start":{"line":5,"column":42},"end":{"line":5,"column":70}},"6":{"start":{"line":5,"column":85},"end":{"line":5,"column":95}},"7":{"start":{"line":6,"column":35},"end":{"line":6,"column":100}},"8":{"start":{"line":6,"column":41},"end":{"line":6,"column":73}},"9":{"start":{"line":6,"column":88},"end":{"line":6,"column":98}},"10":{"start":{"line":7,"column":32},"end":{"line":7,"column":116}},"11":{"start":{"line":8,"column":8},"end":{"line":8,"column":78}},"12":{"start":{"line":11,"column":22},"end":{"line":13,"column":1}},"13":{"start":{"line":12,"column":4},"end":{"line":12,"column":62}},"14":{"start":{"line":14,"column":15},"end":{"line":14,"column":62}},"15":{"start":{"line":15,"column":18},"end":{"line":15,"column":63}},"16":{"start":{"line":16,"column":0},"end":{"line":73,"column":2}},"17":{"start":{"line":17,"column":24},"end":{"line":26,"column":6}},"18":{"start":{"line":17,"column":30},"end":{"line":26,"column":6}},"19":{"start":{"line":18,"column":8},"end":{"line":18,"column":43}},"20":{"start":{"line":19,"column":8},"end":{"line":25,"column":9}},"21":{"start":{"line":20,"column":24},"end":{"line":20,"column":63}},"22":{"start":{"line":21,"column":12},"end":{"line":21,"column":45}},"23":{"start":{"line":24,"column":12},"end":{"line":24,"column":62}},"24":{"start":{"line":28,"column":24},"end":{"line":36,"column":6}},"25":{"start":{"line":28,"column":37},"end":{"line":36,"column":6}},"26":{"start":{"line":29,"column":8},"end":{"line":35,"column":9}},"27":{"start":{"line":30,"column":24},"end":{"line":30,"column":115}},"28":{"start":{"line":31,"column":12},"end":{"line":31,"column":56}},"29":{"start":{"line":34,"column":12},"end":{"line":34,"column":73}},"30":{"start":{"line":37,"column":23},"end":{"line":46,"column":6}},"31":{"start":{"line":37,"column":36},"end":{"line":46,"column":6}},"32":{"start":{"line":38,"column":8},"end":{"line":38,"column":42}},"33":{"start":{"line":39,"column":8},"end":{"line":45,"column":9}},"34":{"start":{"line":40,"column":24},"end":{"line":40,"column":105}},"35":{"start":{"line":41,"column":12},"end":{"line":41,"column":51}},"36":{"start":{"line":44,"column":12},"end":{"line":44,"column":68}},"37":{"start":{"line":47,"column":28},"end":{"line":56,"column":6}},"38":{"start":{"line":47,"column":41},"end":{"line":56,"column":6}},"39":{"start":{"line":48,"column":8},"end":{"line":48,"column":47}},"40":{"start":{"line":49,"column":8},"end":{"line":55,"column":9}},"41":{"start":{"line":50,"column":24},"end":{"line":50,"column":121}},"42":{"start":{"line":51,"column":12},"end":{"line":51,"column":65}},"43":{"start":{"line":54,"column":12},"end":{"line":54,"column":82}},"44":{"start":{"line":57,"column":24},"end":{"line":66,"column":6}},"45":{"start":{"line":57,"column":37},"end":{"line":66,"column":6}},"46":{"start":{"line":58,"column":8},"end":{"line":58,"column":43}},"47":{"start":{"line":59,"column":8},"end":{"line":65,"column":9}},"48":{"start":{"line":60,"column":24},"end":{"line":60,"column":124}},"49":{"start":{"line":61,"column":12},"end":{"line":61,"column":61}},"50":{"start":{"line":64,"column":12},"end":{"line":64,"column":78}},"51":{"start":{"line":67,"column":4},"end":{"line":67,"column":42}},"52":{"start":{"line":68,"column":4},"end":{"line":68,"column":43}},"53":{"start":{"line":69,"column":4},"end":{"line":69,"column":45}},"54":{"start":{"line":70,"column":4},"end":{"line":70,"column":39}},"55":{"start":{"line":71,"column":4},"end":{"line":71,"column":58}},"56":{"start":{"line":72,"column":4},"end":{"line":72,"column":50}}},"fnMap":{"0":{"name":"(anonymous_0)","decl":{"start":{"line":2,"column":44},"end":{"line":2,"column":45}},"loc":{"start":{"line":2,"column":89},"end":{"line":10,"column":1}},"line":2},"1":{"name":"adopt","decl":{"start":{"line":3,"column":13},"end":{"line":3,"column":18}},"loc":{"start":{"line":3,"column":26},"end":{"line":3,"column":112}},"line":3},"2":{"name":"(anonymous_2)","decl":{"start":{"line":3,"column":70},"end":{"line":3,"column":71}},"loc":{"start":{"line":3,"column":89},"end":{"line":3,"column":108}},"line":3},"3":{"name":"(anonymous_3)","decl":{"start":{"line":4,"column":36},"end":{"line":4,"column":37}},"loc":{"start":{"line":4,"column":63},"end":{"line":9,"column":5}},"line":4},"4":{"name":"fulfilled","decl":{"start":{"line":5,"column":17},"end":{"line":5,"column":26}},"loc":{"start":{"line":5,"column":34},"end":{"line":5,"column":99}},"line":5},"5":{"name":"rejected","decl":{"start":{"line":6,"column":17},"end":{"line":6,"column":25}},"loc":{"start":{"line":6,"column":33},"end":{"line":6,"column":102}},"line":6},"6":{"name":"step","decl":{"start":{"line":7,"column":17},"end":{"line":7,"column":21}},"loc":{"start":{"line":7,"column":30},"end":{"line":7,"column":118}},"line":7},"7":{"name":"(anonymous_7)","decl":{"start":{"line":11,"column":56},"end":{"line":11,"column":57}},"loc":{"start":{"line":11,"column":71},"end":{"line":13,"column":1}},"line":11},"8":{"name":"(anonymous_8)","decl":{"start":{"line":16,"column":17},"end":{"line":16,"column":18}},"loc":{"start":{"line":16,"column":33},"end":{"line":73,"column":1}},"line":16},"9":{"name":"(anonymous_9)","decl":{"start":{"line":17,"column":24},"end":{"line":17,"column":25}},"loc":{"start":{"line":17,"column":30},"end":{"line":26,"column":6}},"line":17},"10":{"name":"(anonymous_10)","decl":{"start":{"line":17,"column":64},"end":{"line":17,"column":65}},"loc":{"start":{"line":17,"column":77},"end":{"line":26,"column":5}},"line":17},"11":{"name":"(anonymous_11)","decl":{"start":{"line":28,"column":24},"end":{"line":28,"column":25}},"loc":{"start":{"line":28,"column":37},"end":{"line":36,"column":6}},"line":28},"12":{"name":"(anonymous_12)","decl":{"start":{"line":28,"column":71},"end":{"line":28,"column":72}},"loc":{"start":{"line":28,"column":84},"end":{"line":36,"column":5}},"line":28},"13":{"name":"(anonymous_13)","decl":{"start":{"line":37,"column":23},"end":{"line":37,"column":24}},"loc":{"start":{"line":37,"column":36},"end":{"line":46,"column":6}},"line":37},"14":{"name":"(anonymous_14)","decl":{"start":{"line":37,"column":70},"end":{"line":37,"column":71}},"loc":{"start":{"line":37,"column":83},"end":{"line":46,"column":5}},"line":37},"15":{"name":"(anonymous_15)","decl":{"start":{"line":47,"column":28},"end":{"line":47,"column":29}},"loc":{"start":{"line":47,"column":41},"end":{"line":56,"column":6}},"line":47},"16":{"name":"(anonymous_16)","decl":{"start":{"line":47,"column":75},"end":{"line":47,"column":76}},"loc":{"start":{"line":47,"column":88},"end":{"line":56,"column":5}},"line":47},"17":{"name":"(anonymous_17)","decl":{"start":{"line":57,"column":24},"end":{"line":57,"column":25}},"loc":{"start":{"line":57,"column":37},"end":{"line":66,"column":6}},"line":57},"18":{"name":"(anonymous_18)","decl":{"start":{"line":57,"column":71},"end":{"line":57,"column":72}},"loc":{"start":{"line":57,"column":84},"end":{"line":66,"column":5}},"line":57}},"branchMap":{"0":{"loc":{"start":{"line":2,"column":16},"end":{"line":10,"column":1}},"type":"binary-expr","locations":[{"start":{"line":2,"column":17},"end":{"line":2,"column":21}},{"start":{"line":2,"column":25},"end":{"line":2,"column":39}},{"start":{"line":2,"column":44},"end":{"line":10,"column":1}}],"line":2},"1":{"loc":{"start":{"line":3,"column":35},"end":{"line":3,"column":109}},"type":"cond-expr","locations":[{"start":{"line":3,"column":56},"end":{"line":3,"column":61}},{"start":{"line":3,"column":64},"end":{"line":3,"column":109}}],"line":3},"2":{"loc":{"start":{"line":4,"column":16},"end":{"line":4,"column":34}},"type":"binary-expr","locations":[{"start":{"line":4,"column":16},"end":{"line":4,"column":17}},{"start":{"line":4,"column":22},"end":{"line":4,"column":33}}],"line":4},"3":{"loc":{"start":{"line":7,"column":32},"end":{"line":7,"column":115}},"type":"cond-expr","locations":[{"start":{"line":7,"column":46},"end":{"line":7,"column":67}},{"start":{"line":7,"column":70},"end":{"line":7,"column":115}}],"line":7},"4":{"loc":{"start":{"line":8,"column":51},"end":{"line":8,"column":67}},"type":"binary-expr","locations":[{"start":{"line":8,"column":51},"end":{"line":8,"column":61}},{"start":{"line":8,"column":65},"end":{"line":8,"column":67}}],"line":8},"5":{"loc":{"start":{"line":11,"column":22},"end":{"line":13,"column":1}},"type":"binary-expr","locations":[{"start":{"line":11,"column":23},"end":{"line":11,"column":27}},{"start":{"line":11,"column":31},"end":{"line":11,"column":51}},{"start":{"line":11,"column":56},"end":{"line":13,"column":1}}],"line":11},"6":{"loc":{"start":{"line":12,"column":11},"end":{"line":12,"column":61}},"type":"cond-expr","locations":[{"start":{"line":12,"column":37},"end":{"line":12,"column":40}},{"start":{"line":12,"column":43},"end":{"line":12,"column":61}}],"line":12},"7":{"loc":{"start":{"line":12,"column":12},"end":{"line":12,"column":33}},"type":"binary-expr","locations":[{"start":{"line":12,"column":12},"end":{"line":12,"column":15}},{"start":{"line":12,"column":19},"end":{"line":12,"column":33}}],"line":12}},"s":{"0":1,"1":8,"2":0,"3":8,"4":8,"5":8,"6":0,"7":0,"8":0,"9":0,"10":16,"11":8,"12":1,"13":2,"14":1,"15":1,"16":1,"17":2,"18":1,"19":1,"20":1,"21":1,"22":1,"23":0,"24":2,"25":2,"26":2,"27":2,"28":2,"29":0,"30":2,"31":1,"32":1,"33":1,"34":1,"35":1,"36":0,"37":2,"38":2,"39":2,"40":2,"41":2,"42":2,"43":0,"44":2,"45":2,"46":2,"47":2,"48":2,"49":2,"50":0,"51":2,"52":2,"53":2,"54":2,"55":2,"56":2},"f":{"0":8,"1":8,"2":0,"3":8,"4":8,"5":0,"6":16,"7":2,"8":2,"9":1,"10":1,"11":2,"12":2,"13":1,"14":1,"15":2,"16":2,"17":2,"18":2},"b":{"0":[1,1,1],"1":[8,0],"2":[8,8],"3":[8,8],"4":[8,8],"5":[1,1,1],"6":[0,2],"7":[2,2]},"inputSourceMap":null,"_coverageSchema":"1a1c01bbd47fc00a2c39e90264f33305004495a9","hash":"931cb19201ea55d93cba14bf7fa9e02ca721c03d"}
}
