TN:
SF:dist/src/app.js
FN:3,(anonymous_0)
FN:13,(anonymous_1)
FNF:2
FNH:2
FNDA:2,(anonymous_0)
FNDA:1,(anonymous_1)
DA:3,1
DA:4,2
DA:6,1
DA:7,1
DA:8,1
DA:9,1
DA:13,1
DA:14,1
DA:16,1
LF:9
LH:9
BRDA:3,0,0,1
BRDA:3,0,1,1
BRDA:3,0,2,1
BRDA:4,1,0,0
BRDA:4,1,1,2
BRDA:4,2,0,2
BRDA:4,2,1,2
BRF:7
BRH:6
end_of_record
TN:
SF:dist/src/server.js
FN:3,(anonymous_0)
FN:33,(anonymous_1)
FN:34,(anonymous_2)
FNF:3
FNH:2
FNDA:55,(anonymous_0)
FNDA:0,(anonymous_1)
FNDA:5,(anonymous_2)
DA:3,5
DA:4,55
DA:6,5
DA:7,5
DA:8,5
DA:9,5
DA:10,5
DA:13,0
DA:17,5
DA:18,5
DA:20,5
DA:21,5
DA:22,5
DA:30,5
DA:31,5
DA:32,5
DA:33,5
DA:34,5
DA:36,5
DA:37,5
DA:38,5
DA:39,5
DA:40,5
DA:41,5
DA:42,5
DA:43,5
DA:44,5
DA:45,5
DA:47,5
DA:48,5
DA:49,5
DA:50,0
DA:63,0
DA:64,0
DA:66,5
LF:35
LH:31
BRDA:3,0,0,5
BRDA:3,0,1,5
BRDA:3,0,2,5
BRDA:4,1,0,0
BRDA:4,1,1,55
BRDA:4,2,0,55
BRDA:4,2,1,55
BRDA:9,3,0,5
BRDA:9,3,1,0
BRDA:49,4,0,0
BRDA:49,4,1,5
BRF:11
BRH:8
end_of_record
TN:
SF:dist/src/socket_server.js
FN:2,(anonymous_0)
FN:3,adopt
FN:3,(anonymous_2)
FN:4,(anonymous_3)
FN:5,fulfilled
FN:6,rejected
FN:7,step
FN:11,(anonymous_7)
FN:19,(anonymous_8)
FN:28,(anonymous_9)
FN:28,(anonymous_10)
FN:33,(anonymous_11)
FN:43,(anonymous_12)
FN:43,(anonymous_13)
FNF:14
FNH:13
FNDA:4,(anonymous_0)
FNDA:2,adopt
FNDA:2,(anonymous_2)
FNDA:4,(anonymous_3)
FNDA:2,fulfilled
FNDA:0,rejected
FNDA:6,step
FNDA:4,(anonymous_7)
FNDA:1,(anonymous_8)
FNDA:2,(anonymous_9)
FNDA:2,(anonymous_10)
FNDA:2,(anonymous_11)
FNDA:2,(anonymous_12)
FNDA:2,(anonymous_13)
DA:2,1
DA:3,2
DA:4,4
DA:5,2
DA:6,0
DA:7,6
DA:8,4
DA:11,1
DA:12,4
DA:14,1
DA:15,1
DA:16,1
DA:17,1
DA:18,1
DA:19,1
DA:20,1
DA:28,2
DA:29,2
DA:30,2
DA:31,0
DA:32,2
DA:33,2
DA:34,2
DA:35,0
DA:38,2
DA:39,2
DA:43,2
DA:44,2
DA:45,2
DA:46,2
DA:47,2
DA:48,2
DA:49,2
DA:51,1
LF:34
LH:31
BRDA:2,0,0,1
BRDA:2,0,1,1
BRDA:2,0,2,1
BRDA:3,1,0,0
BRDA:3,1,1,2
BRDA:4,2,0,4
BRDA:4,2,1,4
BRDA:7,3,0,4
BRDA:7,3,1,2
BRDA:8,4,0,4
BRDA:8,4,1,4
BRDA:11,5,0,1
BRDA:11,5,1,1
BRDA:11,5,2,1
BRDA:12,6,0,0
BRDA:12,6,1,4
BRDA:12,7,0,4
BRDA:12,7,1,4
BRDA:30,8,0,0
BRDA:30,8,1,2
BRDA:34,9,0,0
BRDA:34,9,1,2
BRF:22
BRH:18
end_of_record
TN:
SF:dist/src/common/Error.js
FN:3,(anonymous_0)
FNF:1
FNH:1
FNDA:4,(anonymous_0)
DA:4,4
DA:5,4
DA:8,5
LF:3
LH:3
BRDA:3,0,0,0
BRDA:3,1,0,0
BRF:2
BRH:0
end_of_record
TN:
SF:dist/src/common/Request.js
FN:3,(anonymous_0)
FN:9,(anonymous_1)
FNF:2
FNH:2
FNDA:18,(anonymous_0)
FNDA:11,(anonymous_1)
DA:4,18
DA:5,18
DA:6,18
DA:7,18
DA:10,11
DA:11,11
DA:14,5
LF:7
LH:7
BRDA:3,0,0,0
BRDA:3,1,0,11
BRDA:3,2,0,1
BRDA:3,3,0,3
BRDA:5,4,0,11
BRDA:5,4,1,7
BRF:6
BRH:5
end_of_record
TN:
SF:dist/src/common/Response.js
FN:3,(anonymous_0)
FN:10,(anonymous_1)
FNF:2
FNH:2
FNDA:18,(anonymous_0)
FNDA:11,(anonymous_1)
DA:4,18
DA:5,18
DA:6,18
DA:7,18
DA:8,18
DA:11,11
DA:12,9
DA:15,2
DA:22,5
LF:9
LH:9
BRDA:3,0,0,0
BRDA:11,1,0,9
BRDA:11,1,1,2
BRDA:11,2,0,11
BRDA:11,2,1,2
BRF:5
BRH:4
end_of_record
TN:
SF:dist/src/controllers/auth.js
FN:2,(anonymous_0)
FN:3,adopt
FN:3,(anonymous_2)
FN:4,(anonymous_3)
FN:5,fulfilled
FN:6,rejected
FN:7,step
FN:11,(anonymous_7)
FN:21,sendError
FN:26,getTokenFromReq
FN:33,generateTokens
FN:34,(anonymous_11)
FN:49,(anonymous_12)
FN:49,(anonymous_13)
FN:88,(anonymous_14)
FN:88,(anonymous_15)
FN:123,(anonymous_16)
FN:123,(anonymous_17)
FN:152,(anonymous_18)
FN:152,(anonymous_19)
FN:179,(anonymous_20)
FN:179,(anonymous_21)
FN:194,(anonymous_22)
FN:194,(anonymous_23)
FNF:24
FNH:23
FNDA:41,(anonymous_0)
FNDA:83,adopt
FNDA:38,(anonymous_2)
FNDA:41,(anonymous_3)
FNDA:83,fulfilled
FNDA:0,rejected
FNDA:124,step
FNDA:15,(anonymous_7)
FNDA:4,sendError
FNDA:16,getTokenFromReq
FNDA:10,generateTokens
FNDA:10,(anonymous_11)
FNDA:4,(anonymous_12)
FNDA:4,(anonymous_13)
FNDA:10,(anonymous_14)
FNDA:10,(anonymous_15)
FNDA:1,(anonymous_16)
FNDA:1,(anonymous_17)
FNDA:1,(anonymous_18)
FNDA:1,(anonymous_19)
FNDA:14,(anonymous_20)
FNDA:14,(anonymous_21)
FNDA:1,(anonymous_22)
FNDA:1,(anonymous_23)
DA:2,5
DA:3,83
DA:4,41
DA:5,83
DA:6,0
DA:7,124
DA:8,41
DA:11,5
DA:12,15
DA:15,5
DA:16,5
DA:17,5
DA:22,4
DA:28,16
DA:29,16
DA:30,1
DA:31,15
DA:34,10
DA:35,10
DA:36,10
DA:37,10
DA:49,5
DA:50,4
DA:51,4
DA:52,4
DA:53,0
DA:55,4
DA:56,4
DA:57,4
DA:58,0
DA:62,0
DA:63,0
DA:65,4
DA:66,4
DA:67,4
DA:68,4
DA:73,4
DA:74,4
DA:75,4
DA:78,0
DA:79,0
DA:88,10
DA:89,10
DA:90,10
DA:91,10
DA:92,0
DA:94,10
DA:95,10
DA:96,10
DA:97,0
DA:99,10
DA:100,10
DA:101,1
DA:103,9
DA:104,9
DA:105,0
DA:108,9
DA:110,9
DA:112,9
DA:113,9
DA:115,9
DA:116,9
DA:119,0
DA:120,0
DA:123,5
DA:124,1
DA:125,1
DA:126,0
DA:127,1
DA:128,1
DA:129,1
DA:130,1
DA:131,0
DA:132,1
DA:133,0
DA:134,0
DA:135,0
DA:137,1
DA:138,1
DA:139,1
DA:140,1
DA:143,0
DA:152,5
DA:153,1
DA:154,1
DA:155,1
DA:156,0
DA:157,0
DA:159,1
DA:160,1
DA:161,1
DA:162,1
DA:163,0
DA:164,1
DA:165,0
DA:166,0
DA:167,0
DA:169,1
DA:170,1
DA:171,1
DA:172,1
DA:175,0
DA:176,0
DA:179,14
DA:180,14
DA:181,14
DA:182,1
DA:184,13
DA:185,13
DA:186,11
DA:187,11
DA:188,11
DA:191,2
DA:194,5
DA:195,1
DA:196,1
DA:197,1
DA:198,1
DA:199,0
DA:201,1
DA:203,1
DA:204,1
DA:205,0
DA:207,1
DA:208,1
DA:209,1
DA:210,1
DA:211,1
DA:214,0
DA:217,5
LF:130
LH:101
BRDA:2,0,0,5
BRDA:2,0,1,5
BRDA:2,0,2,5
BRDA:3,1,0,45
BRDA:3,1,1,38
BRDA:4,2,0,41
BRDA:4,2,1,41
BRDA:7,3,0,41
BRDA:7,3,1,83
BRDA:8,4,0,41
BRDA:8,4,1,41
BRDA:11,5,0,5
BRDA:11,5,1,5
BRDA:11,5,2,5
BRDA:12,6,0,0
BRDA:12,6,1,15
BRDA:12,7,0,15
BRDA:12,7,1,15
BRDA:29,8,0,1
BRDA:29,8,1,15
BRDA:52,9,0,0
BRDA:52,9,1,4
BRDA:52,10,0,4
BRDA:52,10,1,4
BRDA:57,11,0,0
BRDA:57,11,1,4
BRDA:91,12,0,0
BRDA:91,12,1,10
BRDA:91,13,0,10
BRDA:91,13,1,10
BRDA:96,14,0,0
BRDA:96,14,1,10
BRDA:100,15,0,1
BRDA:100,15,1,9
BRDA:104,16,0,0
BRDA:104,16,1,9
BRDA:125,17,0,0
BRDA:125,17,1,1
BRDA:130,18,0,0
BRDA:130,18,1,1
BRDA:132,19,0,0
BRDA:132,19,1,1
BRDA:155,20,0,0
BRDA:155,20,1,1
BRDA:162,21,0,0
BRDA:162,21,1,1
BRDA:164,22,0,0
BRDA:164,22,1,1
BRDA:181,23,0,1
BRDA:181,23,1,13
BRDA:198,24,0,0
BRDA:198,24,1,1
BRDA:198,25,0,1
BRDA:198,25,1,1
BRDA:204,26,0,0
BRDA:204,26,1,1
BRF:56
BRH:42
end_of_record
TN:
SF:dist/src/controllers/post.js
FN:2,(anonymous_0)
FN:3,adopt
FN:3,(anonymous_2)
FN:4,(anonymous_3)
FN:5,fulfilled
FN:6,rejected
FN:7,step
FN:11,(anonymous_7)
FN:17,(anonymous_8)
FN:17,(anonymous_9)
FN:27,(anonymous_10)
FN:27,(anonymous_11)
FN:43,(anonymous_12)
FN:43,(anonymous_13)
FN:57,(anonymous_14)
FN:57,(anonymous_15)
FN:74,(anonymous_16)
FN:74,(anonymous_17)
FNF:18
FNH:18
FNDA:19,(anonymous_0)
FNDA:19,adopt
FNDA:17,(anonymous_2)
FNDA:19,(anonymous_3)
FNDA:15,fulfilled
FNDA:4,rejected
FNDA:38,step
FNDA:15,(anonymous_7)
FNDA:1,(anonymous_8)
FNDA:1,(anonymous_9)
FNDA:6,(anonymous_10)
FNDA:6,(anonymous_11)
FNDA:2,(anonymous_12)
FNDA:2,(anonymous_13)
FNDA:5,(anonymous_14)
FNDA:5,(anonymous_15)
FNDA:5,(anonymous_16)
FNDA:5,(anonymous_17)
DA:2,5
DA:3,19
DA:4,19
DA:5,15
DA:6,4
DA:7,38
DA:8,19
DA:11,5
DA:12,15
DA:14,5
DA:15,5
DA:16,5
DA:17,5
DA:18,1
DA:19,1
DA:20,1
DA:21,1
DA:24,0
DA:27,6
DA:28,6
DA:29,6
DA:30,6
DA:31,3
DA:34,3
DA:36,6
DA:39,0
DA:40,0
DA:43,5
DA:44,2
DA:45,2
DA:49,2
DA:50,2
DA:51,2
DA:54,0
DA:57,5
DA:58,5
DA:59,5
DA:60,5
DA:61,2
DA:63,5
DA:64,0
DA:66,5
DA:67,5
DA:68,3
DA:71,2
DA:74,5
DA:75,5
DA:76,5
DA:77,5
DA:78,0
DA:80,5
DA:81,5
DA:84,3
DA:87,2
DA:90,5
LF:55
LH:49
BRDA:2,0,0,5
BRDA:2,0,1,5
BRDA:2,0,2,5
BRDA:3,1,0,2
BRDA:3,1,1,17
BRDA:4,2,0,19
BRDA:4,2,1,19
BRDA:7,3,0,19
BRDA:7,3,1,19
BRDA:8,4,0,19
BRDA:8,4,1,19
BRDA:11,5,0,5
BRDA:11,5,1,5
BRDA:11,5,2,5
BRDA:12,6,0,0
BRDA:12,6,1,15
BRDA:12,7,0,15
BRDA:12,7,1,15
BRDA:30,8,0,3
BRDA:30,8,1,3
BRDA:30,9,0,6
BRDA:30,9,1,3
BRDA:60,10,0,2
BRDA:60,10,1,3
BRDA:63,11,0,0
BRDA:63,11,1,5
BRDA:63,12,0,5
BRDA:63,12,1,5
BRDA:77,13,0,0
BRDA:77,13,1,5
BRDA:77,14,0,5
BRDA:77,14,1,5
BRF:32
BRH:29
end_of_record
TN:
SF:dist/src/controllers/student.js
FN:2,(anonymous_0)
FN:3,adopt
FN:3,(anonymous_2)
FN:4,(anonymous_3)
FN:5,fulfilled
FN:6,rejected
FN:7,step
FN:11,(anonymous_7)
FN:17,(anonymous_8)
FN:17,(anonymous_9)
FN:28,(anonymous_10)
FN:28,(anonymous_11)
FN:48,(anonymous_12)
FN:48,(anonymous_13)
FN:65,(anonymous_14)
FN:65,(anonymous_15)
FN:77,(anonymous_16)
FN:77,(anonymous_17)
FN:89,(anonymous_18)
FN:89,(anonymous_19)
FN:109,(anonymous_20)
FN:109,(anonymous_21)
FNF:22
FNH:19
FNDA:8,(anonymous_0)
FNDA:9,adopt
FNDA:6,(anonymous_2)
FNDA:8,(anonymous_3)
FNDA:9,fulfilled
FNDA:0,rejected
FNDA:17,step
FNDA:5,(anonymous_7)
FNDA:1,(anonymous_8)
FNDA:1,(anonymous_9)
FNDA:1,(anonymous_10)
FNDA:1,(anonymous_11)
FNDA:3,(anonymous_12)
FNDA:3,(anonymous_13)
FNDA:1,(anonymous_14)
FNDA:1,(anonymous_15)
FNDA:1,(anonymous_16)
FNDA:1,(anonymous_17)
FNDA:1,(anonymous_18)
FNDA:1,(anonymous_19)
FNDA:0,(anonymous_20)
FNDA:0,(anonymous_21)
DA:2,5
DA:3,9
DA:4,8
DA:5,9
DA:6,0
DA:7,17
DA:8,8
DA:11,5
DA:12,5
DA:14,5
DA:15,5
DA:16,5
DA:17,5
DA:18,1
DA:19,1
DA:20,1
DA:21,1
DA:22,1
DA:25,0
DA:28,5
DA:29,1
DA:30,1
DA:31,1
DA:32,1
DA:33,1
DA:34,1
DA:37,0
DA:39,1
DA:40,1
DA:41,1
DA:44,0
DA:45,0
DA:48,5
DA:49,3
DA:50,3
DA:55,3
DA:56,3
DA:57,3
DA:58,3
DA:61,0
DA:62,0
DA:65,5
DA:66,1
DA:67,1
DA:68,1
DA:69,1
DA:70,1
DA:71,1
DA:74,0
DA:77,5
DA:78,1
DA:79,1
DA:80,1
DA:81,1
DA:82,1
DA:83,1
DA:86,0
DA:89,5
DA:90,1
DA:91,1
DA:92,1
DA:93,1
DA:94,1
DA:95,1
DA:96,1
DA:97,1
DA:98,1
DA:99,1
DA:100,1
DA:102,1
DA:105,0
DA:106,0
DA:109,5
DA:110,0
DA:111,0
DA:112,0
DA:113,0
DA:114,0
DA:115,0
DA:116,0
DA:117,0
DA:118,0
DA:119,0
DA:120,0
DA:122,0
DA:125,0
DA:126,0
DA:129,5
LF:88
LH:63
BRDA:2,0,0,5
BRDA:2,0,1,5
BRDA:2,0,2,5
BRDA:3,1,0,3
BRDA:3,1,1,6
BRDA:4,2,0,8
BRDA:4,2,1,8
BRDA:7,3,0,8
BRDA:7,3,1,9
BRDA:8,4,0,8
BRDA:8,4,1,8
BRDA:11,5,0,5
BRDA:11,5,1,5
BRDA:11,5,2,5
BRDA:12,6,0,0
BRDA:12,6,1,5
BRDA:12,7,0,5
BRDA:12,7,1,5
BRDA:99,8,0,1
BRDA:99,8,1,0
BRDA:119,9,0,0
BRDA:119,9,1,0
BRF:22
BRH:18
end_of_record
TN:
SF:dist/src/models/message_model.js
FN:2,(anonymous_0)
FNF:1
FNH:1
FNDA:1,(anonymous_0)
DA:2,1
DA:3,1
DA:5,1
DA:6,1
DA:20,1
LF:5
LH:5
BRDA:2,0,0,1
BRDA:2,0,1,1
BRDA:2,0,2,1
BRDA:3,1,0,0
BRDA:3,1,1,1
BRDA:3,2,0,1
BRDA:3,2,1,1
BRF:7
BRH:6
end_of_record
TN:
SF:dist/src/models/post_model.js
FN:2,(anonymous_0)
FNF:1
FNH:1
FNDA:5,(anonymous_0)
DA:2,5
DA:3,5
DA:5,5
DA:6,5
DA:16,5
LF:5
LH:5
BRDA:2,0,0,5
BRDA:2,0,1,5
BRDA:2,0,2,5
BRDA:3,1,0,0
BRDA:3,1,1,5
BRDA:3,2,0,5
BRDA:3,2,1,5
BRF:7
BRH:6
end_of_record
TN:
SF:dist/src/models/student_model.js
FN:2,(anonymous_0)
FNF:1
FNH:1
FNDA:5,(anonymous_0)
DA:2,5
DA:3,5
DA:5,5
DA:6,5
DA:23,5
LF:5
LH:5
BRDA:2,0,0,5
BRDA:2,0,1,5
BRDA:2,0,2,5
BRDA:3,1,0,0
BRDA:3,1,1,5
BRDA:3,2,0,5
BRDA:3,2,1,5
BRF:7
BRH:6
end_of_record
TN:
SF:dist/src/models/user_model.js
FN:2,(anonymous_0)
FNF:1
FNH:1
FNDA:5,(anonymous_0)
DA:2,5
DA:3,5
DA:5,5
DA:6,5
DA:23,5
LF:5
LH:5
BRDA:2,0,0,5
BRDA:2,0,1,5
BRDA:2,0,2,5
BRDA:3,1,0,0
BRDA:3,1,1,5
BRDA:3,2,0,5
BRDA:3,2,1,5
BRF:7
BRH:6
end_of_record
TN:
SF:dist/src/routes/auth_route.js
FN:2,(anonymous_0)
FNF:1
FNH:1
FNDA:10,(anonymous_0)
DA:2,5
DA:3,10
DA:5,5
DA:6,5
DA:7,5
DA:72,5
DA:102,5
DA:128,5
DA:142,5
DA:143,5
DA:144,5
LF:11
LH:11
BRDA:2,0,0,5
BRDA:2,0,1,5
BRDA:2,0,2,5
BRDA:3,1,0,0
BRDA:3,1,1,10
BRDA:3,2,0,10
BRDA:3,2,1,10
BRF:7
BRH:6
end_of_record
TN:
SF:dist/src/routes/file_route.js
FN:8,(anonymous_0)
FN:9,adopt
FN:9,(anonymous_2)
FN:10,(anonymous_3)
FN:11,fulfilled
FN:12,rejected
FN:13,step
FN:17,(anonymous_7)
FN:29,(anonymous_8)
FN:32,(anonymous_9)
FN:39,(anonymous_10)
FN:44,(anonymous_11)
FN:45,(anonymous_12)
FN:67,(anonymous_13)
FN:68,(anonymous_14)
FNF:15
FNH:4
FNDA:0,(anonymous_0)
FNDA:0,adopt
FNDA:0,(anonymous_2)
FNDA:0,(anonymous_3)
FNDA:0,fulfilled
FNDA:0,rejected
FNDA:0,step
FNDA:20,(anonymous_7)
FNDA:1,(anonymous_8)
FNDA:1,(anonymous_9)
FNDA:1,(anonymous_10)
FNDA:0,(anonymous_11)
FNDA:0,(anonymous_12)
FNDA:0,(anonymous_13)
FNDA:0,(anonymous_14)
DA:8,5
DA:9,0
DA:10,0
DA:11,0
DA:12,0
DA:13,0
DA:14,0
DA:17,5
DA:18,20
DA:20,5
DA:21,5
DA:22,5
DA:23,5
DA:25,5
DA:28,5
DA:30,1
DA:33,1
DA:34,1
DA:35,1
DA:38,5
DA:39,5
DA:40,1
DA:41,1
DA:43,5
DA:44,5
DA:45,0
DA:47,0
DA:48,0
DA:49,0
DA:50,0
DA:51,0
DA:52,0
DA:53,0
DA:55,0
DA:56,0
DA:57,0
DA:58,0
DA:61,0
DA:62,0
DA:66,5
DA:67,5
DA:68,0
DA:69,0
DA:70,0
DA:71,0
DA:72,0
DA:73,0
DA:75,0
DA:76,0
DA:79,0
DA:81,0
DA:82,0
DA:83,0
DA:84,0
DA:87,0
DA:88,0
DA:92,5
LF:57
LH:22
BRDA:8,0,0,5
BRDA:8,0,1,5
BRDA:8,0,2,5
BRDA:9,1,0,0
BRDA:9,1,1,0
BRDA:10,2,0,0
BRDA:10,2,1,0
BRDA:13,3,0,0
BRDA:13,3,1,0
BRDA:14,4,0,0
BRDA:14,4,1,0
BRDA:17,5,0,5
BRDA:17,5,1,5
BRDA:17,5,2,5
BRDA:18,6,0,0
BRDA:18,6,1,20
BRDA:18,7,0,20
BRDA:18,7,1,20
BRDA:52,8,0,0
BRDA:52,8,1,0
BRDA:75,9,0,0
BRDA:75,9,1,0
BRF:22
BRH:9
end_of_record
TN:
SF:dist/src/routes/post_route.js
FN:2,(anonymous_0)
FN:3,adopt
FN:3,(anonymous_2)
FN:4,(anonymous_3)
FN:5,fulfilled
FN:6,rejected
FN:7,step
FN:11,(anonymous_7)
FN:70,(anonymous_8)
FN:70,(anonymous_9)
FN:107,(anonymous_10)
FN:107,(anonymous_11)
FN:142,(anonymous_12)
FN:142,(anonymous_13)
FN:184,(anonymous_14)
FN:184,(anonymous_15)
FNF:16
FNH:14
FNDA:11,(anonymous_0)
FNDA:11,adopt
FNDA:0,(anonymous_2)
FNDA:11,(anonymous_3)
FNDA:11,fulfilled
FNDA:0,rejected
FNDA:22,step
FNDA:20,(anonymous_7)
FNDA:4,(anonymous_8)
FNDA:4,(anonymous_9)
FNDA:3,(anonymous_10)
FNDA:3,(anonymous_11)
FNDA:1,(anonymous_12)
FNDA:1,(anonymous_13)
FNDA:3,(anonymous_14)
FNDA:3,(anonymous_15)
DA:2,5
DA:3,11
DA:4,11
DA:5,11
DA:6,0
DA:7,22
DA:8,11
DA:11,5
DA:12,20
DA:14,5
DA:15,5
DA:16,5
DA:17,5
DA:18,5
DA:70,5
DA:71,4
DA:72,4
DA:73,4
DA:76,0
DA:107,5
DA:108,3
DA:109,3
DA:110,3
DA:113,0
DA:142,5
DA:143,1
DA:144,1
DA:145,1
DA:148,0
DA:184,5
DA:185,3
DA:186,3
DA:187,3
DA:190,0
DA:196,5
LF:35
LH:30
BRDA:2,0,0,5
BRDA:2,0,1,5
BRDA:2,0,2,5
BRDA:3,1,0,11
BRDA:3,1,1,0
BRDA:4,2,0,11
BRDA:4,2,1,11
BRDA:7,3,0,11
BRDA:7,3,1,11
BRDA:8,4,0,11
BRDA:8,4,1,11
BRDA:11,5,0,5
BRDA:11,5,1,5
BRDA:11,5,2,5
BRDA:12,6,0,0
BRDA:12,6,1,20
BRDA:12,7,0,20
BRDA:12,7,1,20
BRF:18
BRH:16
end_of_record
TN:
SF:dist/src/routes/student_route.js
FN:8,(anonymous_0)
FNF:1
FNH:1
FNDA:10,(anonymous_0)
DA:8,5
DA:9,10
DA:11,5
DA:12,5
DA:13,5
DA:56,5
DA:81,5
DA:103,5
DA:104,5
DA:105,5
DA:106,5
DA:107,5
DA:108,5
LF:13
LH:13
BRDA:8,0,0,5
BRDA:8,0,1,5
BRDA:8,0,2,5
BRDA:9,1,0,0
BRDA:9,1,1,10
BRDA:9,2,0,10
BRDA:9,2,1,10
BRF:7
BRH:6
end_of_record
TN:
SF:dist/src/services/helpers.js
FN:10,(anonymous_0)
FNF:1
FNH:1
FNDA:2,(anonymous_0)
DA:2,5
DA:3,5
DA:4,5
DA:10,5
DA:11,2
DA:12,2
DA:13,2
DA:14,2
DA:17,0
DA:19,2
DA:21,5
LF:11
LH:10
BRF:0
BRH:0
end_of_record
TN:
SF:dist/src/services/unitTestVar.js
FN:6,(anonymous_0)
FN:9,(anonymous_1)
FNF:2
FNH:1
FNDA:1,(anonymous_0)
FNDA:0,(anonymous_1)
DA:3,2
DA:4,2
DA:7,1
DA:10,0
DA:13,2
DA:14,2
LF:6
LH:5
BRF:0
BRH:0
end_of_record
TN:
SF:dist/src/socket/chatHandler.js
FN:2,(anonymous_0)
FN:3,adopt
FN:3,(anonymous_2)
FN:4,(anonymous_3)
FN:5,fulfilled
FN:6,rejected
FN:7,step
FN:11,(anonymous_7)
FN:15,(anonymous_8)
FN:18,(anonymous_9)
FN:18,(anonymous_10)
FN:35,(anonymous_11)
FN:35,(anonymous_12)
FNF:13
FNH:12
FNDA:2,(anonymous_0)
FNDA:3,adopt
FNDA:2,(anonymous_2)
FNDA:2,(anonymous_3)
FNDA:3,fulfilled
FNDA:0,rejected
FNDA:5,step
FNDA:1,(anonymous_7)
FNDA:2,(anonymous_8)
FNDA:1,(anonymous_9)
FNDA:1,(anonymous_10)
FNDA:1,(anonymous_11)
FNDA:1,(anonymous_12)
DA:2,1
DA:3,3
DA:4,2
DA:5,3
DA:6,0
DA:7,5
DA:8,2
DA:11,1
DA:12,1
DA:14,1
DA:15,1
DA:18,2
DA:19,1
DA:24,1
DA:25,1
DA:26,1
DA:27,1
DA:32,0
DA:35,2
DA:36,1
DA:37,1
DA:38,1
DA:39,1
DA:40,1
DA:41,1
DA:42,1
DA:45,0
DA:48,2
DA:49,2
DA:50,2
LF:30
LH:27
BRDA:2,0,0,1
BRDA:2,0,1,1
BRDA:2,0,2,1
BRDA:3,1,0,1
BRDA:3,1,1,2
BRDA:4,2,0,2
BRDA:4,2,1,2
BRDA:7,3,0,2
BRDA:7,3,1,3
BRDA:8,4,0,2
BRDA:8,4,1,2
BRDA:11,5,0,1
BRDA:11,5,1,1
BRDA:11,5,2,1
BRDA:12,6,0,0
BRDA:12,6,1,1
BRDA:12,7,0,1
BRDA:12,7,1,1
BRF:18
BRH:17
end_of_record
TN:
SF:dist/src/socket/echoHandler.js
FN:2,(anonymous_0)
FN:3,(anonymous_1)
FN:7,(anonymous_2)
FNF:3
FNH:2
FNDA:2,(anonymous_0)
FNDA:1,(anonymous_1)
FNDA:0,(anonymous_2)
DA:2,1
DA:3,2
DA:4,1
DA:5,1
DA:7,2
DA:10,2
DA:11,2
DA:12,2
LF:8
LH:8
BRF:0
BRH:0
end_of_record
TN:
SF:dist/src/socket/postHandler.js
FN:2,(anonymous_0)
FN:3,adopt
FN:3,(anonymous_2)
FN:4,(anonymous_3)
FN:5,fulfilled
FN:6,rejected
FN:7,step
FN:11,(anonymous_7)
FN:16,(anonymous_8)
FN:17,(anonymous_9)
FN:17,(anonymous_10)
FN:28,(anonymous_11)
FN:28,(anonymous_12)
FN:37,(anonymous_13)
FN:37,(anonymous_14)
FN:47,(anonymous_15)
FN:47,(anonymous_16)
FN:57,(anonymous_17)
FN:57,(anonymous_18)
FNF:19
FNH:17
FNDA:8,(anonymous_0)
FNDA:8,adopt
FNDA:0,(anonymous_2)
FNDA:8,(anonymous_3)
FNDA:8,fulfilled
FNDA:0,rejected
FNDA:16,step
FNDA:2,(anonymous_7)
FNDA:2,(anonymous_8)
FNDA:1,(anonymous_9)
FNDA:1,(anonymous_10)
FNDA:2,(anonymous_11)
FNDA:2,(anonymous_12)
FNDA:1,(anonymous_13)
FNDA:1,(anonymous_14)
FNDA:2,(anonymous_15)
FNDA:2,(anonymous_16)
FNDA:2,(anonymous_17)
FNDA:2,(anonymous_18)
DA:2,1
DA:3,8
DA:4,8
DA:5,8
DA:6,0
DA:7,16
DA:8,8
DA:11,1
DA:12,2
DA:14,1
DA:15,1
DA:16,1
DA:17,2
DA:18,1
DA:19,1
DA:20,1
DA:21,1
DA:24,0
DA:28,2
DA:29,2
DA:30,2
DA:31,2
DA:34,0
DA:37,2
DA:38,1
DA:39,1
DA:40,1
DA:41,1
DA:44,0
DA:47,2
DA:48,2
DA:49,2
DA:50,2
DA:51,2
DA:54,0
DA:57,2
DA:58,2
DA:59,2
DA:60,2
DA:61,2
DA:64,0
DA:67,2
DA:68,2
DA:69,2
DA:70,2
DA:71,2
DA:72,2
LF:47
LH:41
BRDA:2,0,0,1
BRDA:2,0,1,1
BRDA:2,0,2,1
BRDA:3,1,0,8
BRDA:3,1,1,0
BRDA:4,2,0,8
BRDA:4,2,1,8
BRDA:7,3,0,8
BRDA:7,3,1,8
BRDA:8,4,0,8
BRDA:8,4,1,8
BRDA:11,5,0,1
BRDA:11,5,1,1
BRDA:11,5,2,1
BRDA:12,6,0,0
BRDA:12,6,1,2
BRDA:12,7,0,2
BRDA:12,7,1,2
BRF:18
BRH:16
end_of_record
